{"/home/travis/build/npmtest/node-npmtest-generator-ionic-gulp/test.js":{"path":"/home/travis/build/npmtest/node-npmtest-generator-ionic-gulp/test.js","s":{"1":2,"2":2,"3":2,"4":2,"5":2,"6":2,"7":2,"8":1,"9":2,"10":2,"11":1,"12":1,"13":1,"14":1,"15":2,"16":2,"17":2,"18":2,"19":1,"20":1,"21":2,"22":2,"23":2,"24":1,"25":1,"26":1,"27":1,"28":1,"29":1,"30":1,"31":1,"32":1,"33":1,"34":1,"35":1,"36":1,"37":1,"38":1,"39":2,"40":2,"41":1,"42":2,"43":2,"44":1,"45":2,"46":2,"47":1,"48":2,"49":2,"50":1,"51":1,"52":1,"53":1,"54":1},"b":{"1":[2,1,1,1],"2":[1,1,1,1],"3":[1,1],"4":[1,1],"5":[1,1],"6":[1,1],"7":[1,1],"8":[1,1],"9":[1,1],"10":[1,1,1],"11":[1,1],"12":[1,1],"13":[1,1],"14":[1,1],"15":[1,1],"16":[1,1],"17":[1,1]},"f":{"1":2,"2":2,"3":2,"4":2,"5":2,"6":1,"7":1,"8":1,"9":2,"10":2,"11":2,"12":2,"13":1},"fnMap":{"1":{"name":"(anonymous_1)","line":12,"loc":{"start":{"line":12,"column":1},"end":{"line":12,"column":13}}},"2":{"name":"(anonymous_2)","line":19,"loc":{"start":{"line":19,"column":5},"end":{"line":19,"column":17}}},"3":{"name":"(anonymous_3)","line":23,"loc":{"start":{"line":23,"column":24},"end":{"line":23,"column":36}}},"4":{"name":"(anonymous_4)","line":61,"loc":{"start":{"line":61,"column":5},"end":{"line":61,"column":17}}},"5":{"name":"(anonymous_5)","line":82,"loc":{"start":{"line":82,"column":5},"end":{"line":82,"column":17}}},"6":{"name":"(anonymous_6)","line":91,"loc":{"start":{"line":91,"column":77},"end":{"line":94,"column":10}}},"7":{"name":"(anonymous_7)","line":112,"loc":{"start":{"line":112,"column":83},"end":{"line":115,"column":10}},"skip":true},"8":{"name":"(anonymous_8)","line":123,"loc":{"start":{"line":123,"column":77},"end":{"line":126,"column":10}},"skip":true},"9":{"name":"(anonymous_9)","line":139,"loc":{"start":{"line":139,"column":12},"end":{"line":139,"column":40}},"skip":true},"10":{"name":"(anonymous_10)","line":147,"loc":{"start":{"line":147,"column":77},"end":{"line":150,"column":10}},"skip":true},"11":{"name":"(anonymous_11)","line":158,"loc":{"start":{"line":158,"column":83},"end":{"line":161,"column":10}},"skip":true},"12":{"name":"(anonymous_12)","line":169,"loc":{"start":{"line":169,"column":79},"end":{"line":172,"column":10}},"skip":true},"13":{"name":"(anonymous_13)","line":180,"loc":{"start":{"line":180,"column":75},"end":{"line":183,"column":10}},"skip":true}},"statementMap":{"1":{"start":{"line":12,"column":0},"end":{"line":195,"column":5}},"2":{"start":{"line":14,"column":4},"end":{"line":14,"column":14}},"3":{"start":{"line":19,"column":4},"end":{"line":56,"column":9}},"4":{"start":{"line":21,"column":8},"end":{"line":21,"column":19}},"5":{"start":{"line":23,"column":8},"end":{"line":35,"column":13}},"6":{"start":{"line":24,"column":12},"end":{"line":34,"column":13}},"7":{"start":{"line":25,"column":16},"end":{"line":28,"column":30}},"8":{"start":{"line":30,"column":16},"end":{"line":33,"column":27}},"9":{"start":{"line":37,"column":8},"end":{"line":39,"column":21}},"10":{"start":{"line":40,"column":8},"end":{"line":53,"column":9}},"11":{"start":{"line":43,"column":12},"end":{"line":46,"column":14}},"12":{"start":{"line":47,"column":12},"end":{"line":47,"column":18}},"13":{"start":{"line":50,"column":12},"end":{"line":51,"column":46}},"14":{"start":{"line":52,"column":12},"end":{"line":52,"column":18}},"15":{"start":{"line":55,"column":8},"end":{"line":55,"column":35}},"16":{"start":{"line":61,"column":4},"end":{"line":63,"column":9}},"17":{"start":{"line":62,"column":8},"end":{"line":62,"column":15}},"18":{"start":{"line":64,"column":4},"end":{"line":77,"column":5}},"19":{"start":{"line":70,"column":8},"end":{"line":70,"column":14}},"20":{"start":{"line":76,"column":8},"end":{"line":76,"column":14}},"21":{"start":{"line":82,"column":4},"end":{"line":84,"column":9}},"22":{"start":{"line":83,"column":8},"end":{"line":83,"column":15}},"23":{"start":{"line":85,"column":4},"end":{"line":194,"column":5}},"24":{"start":{"line":91,"column":8},"end":{"line":99,"column":10}},"25":{"start":{"line":98,"column":12},"end":{"line":98,"column":35}},"26":{"start":{"line":102,"column":8},"end":{"line":104,"column":63}},"27":{"start":{"line":105,"column":8},"end":{"line":105,"column":14}},"28":{"start":{"line":112,"column":8},"end":{"line":121,"column":10},"skip":true},"29":{"start":{"line":119,"column":12},"end":{"line":119,"column":55},"skip":true},"30":{"start":{"line":120,"column":12},"end":{"line":120,"column":48},"skip":true},"31":{"start":{"line":123,"column":8},"end":{"line":136,"column":10},"skip":true},"32":{"start":{"line":130,"column":12},"end":{"line":130,"column":76},"skip":true},"33":{"start":{"line":131,"column":12},"end":{"line":131,"column":73},"skip":true},"34":{"start":{"line":132,"column":12},"end":{"line":132,"column":74},"skip":true},"35":{"start":{"line":133,"column":12},"end":{"line":133,"column":79},"skip":true},"36":{"start":{"line":134,"column":12},"end":{"line":134,"column":25},"skip":true},"37":{"start":{"line":135,"column":12},"end":{"line":135,"column":45},"skip":true},"38":{"start":{"line":138,"column":8},"end":{"line":145,"column":14},"skip":true},"39":{"start":{"line":143,"column":16},"end":{"line":143,"column":29},"skip":true},"40":{"start":{"line":144,"column":16},"end":{"line":144,"column":55},"skip":true},"41":{"start":{"line":147,"column":8},"end":{"line":156,"column":10},"skip":true},"42":{"start":{"line":154,"column":12},"end":{"line":154,"column":25},"skip":true},"43":{"start":{"line":155,"column":12},"end":{"line":155,"column":45},"skip":true},"44":{"start":{"line":158,"column":8},"end":{"line":167,"column":10},"skip":true},"45":{"start":{"line":165,"column":12},"end":{"line":165,"column":25},"skip":true},"46":{"start":{"line":166,"column":12},"end":{"line":166,"column":48},"skip":true},"47":{"start":{"line":169,"column":8},"end":{"line":178,"column":10},"skip":true},"48":{"start":{"line":176,"column":12},"end":{"line":176,"column":25},"skip":true},"49":{"start":{"line":177,"column":12},"end":{"line":177,"column":46},"skip":true},"50":{"start":{"line":180,"column":8},"end":{"line":189,"column":10},"skip":true},"51":{"start":{"line":187,"column":12},"end":{"line":187,"column":94},"skip":true},"52":{"start":{"line":188,"column":12},"end":{"line":188,"column":48},"skip":true},"53":{"start":{"line":192,"column":8},"end":{"line":192,"column":35},"skip":true},"54":{"start":{"line":193,"column":8},"end":{"line":193,"column":14},"skip":true}},"branchMap":{"1":{"line":25,"type":"binary-expr","locations":[{"start":{"line":25,"column":23},"end":{"line":25,"column":62}},{"start":{"line":26,"column":20},"end":{"line":26,"column":70}},{"start":{"line":27,"column":20},"end":{"line":27,"column":71}},{"start":{"line":28,"column":20},"end":{"line":28,"column":29}}]},"2":{"line":30,"type":"binary-expr","locations":[{"start":{"line":30,"column":23},"end":{"line":30,"column":37}},{"start":{"line":31,"column":20},"end":{"line":31,"column":61}},{"start":{"line":32,"column":20},"end":{"line":32,"column":70}},{"start":{"line":33,"column":20},"end":{"line":33,"column":26}}]},"3":{"line":37,"type":"cond-expr","locations":[{"start":{"line":38,"column":14},"end":{"line":38,"column":20}},{"start":{"line":39,"column":14},"end":{"line":39,"column":20}}]},"4":{"line":40,"type":"switch","locations":[{"start":{"line":42,"column":8},"end":{"line":47,"column":18}},{"start":{"line":49,"column":8},"end":{"line":52,"column":18}}]},"5":{"line":44,"type":"binary-expr","locations":[{"start":{"line":44,"column":16},"end":{"line":44,"column":44}},{"start":{"line":44,"column":48},"end":{"line":44,"column":66}}]},"6":{"line":50,"type":"binary-expr","locations":[{"start":{"line":50,"column":21},"end":{"line":50,"column":49}},{"start":{"line":50,"column":53},"end":{"line":50,"column":72}}]},"7":{"line":64,"type":"switch","locations":[{"start":{"line":69,"column":4},"end":{"line":70,"column":14}},{"start":{"line":75,"column":4},"end":{"line":76,"column":14}}]},"8":{"line":85,"type":"switch","locations":[{"start":{"line":90,"column":4},"end":{"line":105,"column":14}},{"start":{"line":111,"column":4},"end":{"line":193,"column":14},"skip":true}]},"9":{"line":91,"type":"binary-expr","locations":[{"start":{"line":91,"column":42},"end":{"line":91,"column":73}},{"start":{"line":91,"column":77},"end":{"line":99,"column":9}}]},"10":{"line":102,"type":"binary-expr","locations":[{"start":{"line":102,"column":18},"end":{"line":102,"column":32}},{"start":{"line":103,"column":12},"end":{"line":103,"column":53}},{"start":{"line":104,"column":12},"end":{"line":104,"column":61}}]},"11":{"line":112,"type":"binary-expr","locations":[{"start":{"line":112,"column":45},"end":{"line":112,"column":79},"skip":true},{"start":{"line":112,"column":83},"end":{"line":121,"column":9},"skip":true}]},"12":{"line":123,"type":"binary-expr","locations":[{"start":{"line":123,"column":42},"end":{"line":123,"column":73},"skip":true},{"start":{"line":123,"column":77},"end":{"line":136,"column":9},"skip":true}]},"13":{"line":138,"type":"binary-expr","locations":[{"start":{"line":138,"column":48},"end":{"line":138,"column":85},"skip":true},{"start":{"line":139,"column":12},"end":{"line":145,"column":13},"skip":true}]},"14":{"line":147,"type":"binary-expr","locations":[{"start":{"line":147,"column":42},"end":{"line":147,"column":73},"skip":true},{"start":{"line":147,"column":77},"end":{"line":156,"column":9},"skip":true}]},"15":{"line":158,"type":"binary-expr","locations":[{"start":{"line":158,"column":45},"end":{"line":158,"column":79},"skip":true},{"start":{"line":158,"column":83},"end":{"line":167,"column":9},"skip":true}]},"16":{"line":169,"type":"binary-expr","locations":[{"start":{"line":169,"column":43},"end":{"line":169,"column":75},"skip":true},{"start":{"line":169,"column":79},"end":{"line":178,"column":9},"skip":true}]},"17":{"line":180,"type":"binary-expr","locations":[{"start":{"line":180,"column":41},"end":{"line":180,"column":71},"skip":true},{"start":{"line":180,"column":75},"end":{"line":189,"column":9},"skip":true}]}},"code":["/* istanbul instrument in package npmtest_generator_ionic_gulp */","/*jslint","    bitwise: true,","    browser: true,","    maxerr: 8,","    maxlen: 96,","    node: true,","    nomen: true,","    regexp: true,","    stupid: true","*/","(function () {","    'use strict';","    var local;","","","","    // run shared js-env code - pre-init","    (function () {","        // init local","        local = {};","        // init modeJs","        local.modeJs = (function () {","            try {","                return typeof navigator.userAgent === 'string' &&","                    typeof document.querySelector('body') === 'object' &&","                    typeof XMLHttpRequest.prototype.open === 'function' &&","                    'browser';","            } catch (errorCaughtBrowser) {","                return module.exports &&","                    typeof process.versions.node === 'string' &&","                    typeof require('http').createServer === 'function' &&","                    'node';","            }","        }());","        // init global","        local.global = local.modeJs === 'browser'","            ? window","            : global;","        switch (local.modeJs) {","        // re-init local from window.local","        case 'browser':","            local = local.global.utility2.objectSetDefault(","                local.global.utility2_rollup || local.global.local,","                local.global.utility2","            );","            break;","        // re-init local from example.js","        case 'node':","            local = (local.global.utility2_rollup || require('utility2'))","                .requireExampleJsFromReadme();","            break;","        }","        // export local","        local.global.local = local;","    }());","","","","    // run shared js-env code - function","    (function () {","        return;","    }());","    switch (local.modeJs) {","","","","    // run browser js-env code - function","    case 'browser':","        break;","","","","    // run node js-env code - function","    case 'node':","        break;","    }","","","","    // run shared js-env code - post-init","    (function () {","        return;","    }());","    switch (local.modeJs) {","","","","    // run browser js-env code - post-init","    case 'browser':","        local.testCase_browser_nullCase = local.testCase_browser_nullCase || function (","            options,","            onError","        ) {","        /*","         * this function will test browsers's null-case handling-behavior-behavior","         */","            onError(null, options);","        };","","        // run tests","        local.nop(local.modeTest &&","            document.querySelector('#testRunButton1') &&","            document.querySelector('#testRunButton1').click());","        break;","","","","    // run node js-env code - post-init","    /* istanbul ignore next */","    case 'node':","        local.testCase_buildApidoc_default = local.testCase_buildApidoc_default || function (","            options,","            onError","        ) {","        /*","         * this function will test buildApidoc's default handling-behavior-behavior","         */","            options = { modulePathList: module.paths };","            local.buildApidoc(options, onError);","        };","","        local.testCase_buildApp_default = local.testCase_buildApp_default || function (","            options,","            onError","        ) {","        /*","         * this function will test buildApp's default handling-behavior-behavior","         */","            local.testCase_buildReadme_default(options, local.onErrorThrow);","            local.testCase_buildLib_default(options, local.onErrorThrow);","            local.testCase_buildTest_default(options, local.onErrorThrow);","            local.testCase_buildCustomOrg_default(options, local.onErrorThrow);","            options = [];","            local.buildApp(options, onError);","        };","","        local.testCase_buildCustomOrg_default = local.testCase_buildCustomOrg_default ||","            function (options, onError) {","            /*","             * this function will test buildCustomOrg's default handling-behavior","             */","                options = {};","                local.buildCustomOrg(options, onError);","            };","","        local.testCase_buildLib_default = local.testCase_buildLib_default || function (","            options,","            onError","        ) {","        /*","         * this function will test buildLib's default handling-behavior","         */","            options = {};","            local.buildLib(options, onError);","        };","","        local.testCase_buildReadme_default = local.testCase_buildReadme_default || function (","            options,","            onError","        ) {","        /*","         * this function will test buildReadme's default handling-behavior-behavior","         */","            options = {};","            local.buildReadme(options, onError);","        };","","        local.testCase_buildTest_default = local.testCase_buildTest_default || function (","            options,","            onError","        ) {","        /*","         * this function will test buildTest's default handling-behavior","         */","            options = {};","            local.buildTest(options, onError);","        };","","        local.testCase_webpage_default = local.testCase_webpage_default || function (","            options,","            onError","        ) {","        /*","         * this function will test webpage's default handling-behavior","         */","            options = { modeCoverageMerge: true, url: local.serverLocalHost + '?modeTest=1' };","            local.browserTest(options, onError);","        };","","        // run test-server","        local.testRunServer(local);","        break;","    }","}());",""],"l":{"12":2,"14":2,"19":2,"21":2,"23":2,"24":2,"25":2,"30":1,"37":2,"40":2,"43":1,"47":1,"50":1,"52":1,"55":2,"61":2,"62":2,"64":2,"70":1,"76":1,"82":2,"83":2,"85":2,"91":1,"98":1,"102":1,"105":1,"112":1,"119":1,"120":1,"123":1,"130":1,"131":1,"132":1,"133":1,"134":1,"135":1,"138":1,"143":2,"144":2,"147":1,"154":2,"155":2,"158":1,"165":2,"166":2,"169":1,"176":2,"177":2,"180":1,"187":1,"188":1,"192":1,"193":1}},"/home/travis/build/npmtest/node-npmtest-generator-ionic-gulp/lib.npmtest_generator_ionic_gulp.js":{"path":"/home/travis/build/npmtest/node-npmtest-generator-ionic-gulp/lib.npmtest_generator_ionic_gulp.js","s":{"1":2,"2":2,"3":2,"4":2,"5":2,"6":2,"7":2,"8":1,"9":2,"10":2,"11":2,"12":2,"13":1,"14":1,"15":1,"16":1},"b":{"1":[2,1,1,1],"2":[1,1,1,1],"3":[1,1],"4":[2,2],"5":[1,1]},"f":{"1":2,"2":2,"3":2},"fnMap":{"1":{"name":"(anonymous_1)","line":12,"loc":{"start":{"line":12,"column":1},"end":{"line":12,"column":13}}},"2":{"name":"(anonymous_2)","line":19,"loc":{"start":{"line":19,"column":5},"end":{"line":19,"column":17}}},"3":{"name":"(anonymous_3)","line":23,"loc":{"start":{"line":23,"column":24},"end":{"line":23,"column":36}}}},"statementMap":{"1":{"start":{"line":12,"column":0},"end":{"line":53,"column":5}},"2":{"start":{"line":14,"column":4},"end":{"line":14,"column":14}},"3":{"start":{"line":19,"column":4},"end":{"line":52,"column":9}},"4":{"start":{"line":21,"column":8},"end":{"line":21,"column":19}},"5":{"start":{"line":23,"column":8},"end":{"line":35,"column":13}},"6":{"start":{"line":24,"column":12},"end":{"line":34,"column":13}},"7":{"start":{"line":25,"column":16},"end":{"line":28,"column":30}},"8":{"start":{"line":30,"column":16},"end":{"line":33,"column":27}},"9":{"start":{"line":37,"column":8},"end":{"line":39,"column":21}},"10":{"start":{"line":41,"column":8},"end":{"line":41,"column":54}},"11":{"start":{"line":43,"column":8},"end":{"line":43,"column":65}},"12":{"start":{"line":45,"column":8},"end":{"line":51,"column":9}},"13":{"start":{"line":46,"column":12},"end":{"line":46,"column":71}},"14":{"start":{"line":48,"column":12},"end":{"line":48,"column":35}},"15":{"start":{"line":49,"column":12},"end":{"line":49,"column":49}},"16":{"start":{"line":50,"column":12},"end":{"line":50,"column":43}}},"branchMap":{"1":{"line":25,"type":"binary-expr","locations":[{"start":{"line":25,"column":23},"end":{"line":25,"column":62}},{"start":{"line":26,"column":20},"end":{"line":26,"column":70}},{"start":{"line":27,"column":20},"end":{"line":27,"column":71}},{"start":{"line":28,"column":20},"end":{"line":28,"column":29}}]},"2":{"line":30,"type":"binary-expr","locations":[{"start":{"line":30,"column":23},"end":{"line":30,"column":37}},{"start":{"line":31,"column":20},"end":{"line":31,"column":61}},{"start":{"line":32,"column":20},"end":{"line":32,"column":70}},{"start":{"line":33,"column":20},"end":{"line":33,"column":26}}]},"3":{"line":37,"type":"cond-expr","locations":[{"start":{"line":38,"column":14},"end":{"line":38,"column":20}},{"start":{"line":39,"column":14},"end":{"line":39,"column":20}}]},"4":{"line":41,"type":"binary-expr","locations":[{"start":{"line":41,"column":16},"end":{"line":41,"column":44}},{"start":{"line":41,"column":48},"end":{"line":41,"column":53}}]},"5":{"line":45,"type":"if","locations":[{"start":{"line":45,"column":8},"end":{"line":45,"column":8}},{"start":{"line":45,"column":8},"end":{"line":45,"column":8}}]}},"code":["/* istanbul instrument in package npmtest_generator_ionic_gulp */","/*jslint","    bitwise: true,","    browser: true,","    maxerr: 8,","    maxlen: 96,","    node: true,","    nomen: true,","    regexp: true,","    stupid: true","*/","(function () {","    'use strict';","    var local;","","","","    // run shared js-env code - pre-init","    (function () {","        // init local","        local = {};","        // init modeJs","        local.modeJs = (function () {","            try {","                return typeof navigator.userAgent === 'string' &&","                    typeof document.querySelector('body') === 'object' &&","                    typeof XMLHttpRequest.prototype.open === 'function' &&","                    'browser';","            } catch (errorCaughtBrowser) {","                return module.exports &&","                    typeof process.versions.node === 'string' &&","                    typeof require('http').createServer === 'function' &&","                    'node';","            }","        }());","        // init global","        local.global = local.modeJs === 'browser'","            ? window","            : global;","        // init utility2_rollup","        local = local.global.utility2_rollup || local;","        // init lib","        local.local = local.npmtest_generator_ionic_gulp = local;","        // init exports","        if (local.modeJs === 'browser') {","            local.global.utility2_npmtest_generator_ionic_gulp = local;","        } else {","            module.exports = local;","            module.exports.__dirname = __dirname;","            module.exports.module = module;","        }","    }());","}());",""],"l":{"12":2,"14":2,"19":2,"21":2,"23":2,"24":2,"25":2,"30":1,"37":2,"41":2,"43":2,"45":2,"46":1,"48":1,"49":1,"50":1}},"/home/travis/build/npmtest/node-npmtest-generator-ionic-gulp/example.js":{"path":"/home/travis/build/npmtest/node-npmtest-generator-ionic-gulp/example.js","s":{"1":2,"2":2,"3":2,"4":2,"5":2,"6":2,"7":2,"8":1,"9":2,"10":2,"11":2,"12":2,"13":1,"14":2,"15":2,"16":2,"17":2,"18":2,"19":0,"20":2,"21":1,"22":1,"23":1,"24":1,"25":1,"26":0,"27":0,"28":1,"29":1,"30":2,"31":0,"32":0,"33":0,"34":1,"35":2,"36":2,"37":3,"38":3,"39":3,"40":3,"41":0,"42":3,"43":3,"44":3,"45":1,"46":3,"47":1,"48":1,"49":1,"50":1,"51":1,"52":1,"53":1,"54":1,"55":1,"56":1,"57":0,"58":1,"59":6,"60":6,"61":1,"62":2,"63":0,"64":2,"65":1,"66":1,"67":0,"68":0,"69":0,"70":0,"71":0,"72":0,"73":0,"74":0,"75":0,"76":0,"77":0,"78":0,"79":0,"80":0,"81":0,"82":0,"83":0},"b":{"1":[2,1,1,1],"2":[1,1,1,1],"3":[1,1],"4":[2,2],"5":[1,1],"6":[1,1],"7":[2,0],"8":[2,1,1,1,1,1],"9":[0,2,0],"10":[1,1],"11":[2,1,1],"12":[1,0],"13":[0,2],"14":[2,0,0,0,0,0,0],"15":[0,3],"16":[3,0],"17":[1,1],"18":[0,1],"19":[1,2,0,2],"20":[1,0],"21":[1,1],"22":[0,0],"23":[0,0],"24":[0,0],"25":[0,0],"26":[0,0],"27":[0,0],"28":[0,0]},"f":{"1":2,"2":2,"3":2,"4":2,"5":2,"6":2,"7":3,"8":3,"9":3,"10":1,"11":6,"12":0},"fnMap":{"1":{"name":"(anonymous_1)","line":26,"loc":{"start":{"line":26,"column":1},"end":{"line":26,"column":13}}},"2":{"name":"(anonymous_2)","line":33,"loc":{"start":{"line":33,"column":5},"end":{"line":33,"column":17}}},"3":{"name":"(anonymous_3)","line":37,"loc":{"start":{"line":37,"column":24},"end":{"line":37,"column":36}}},"4":{"name":"(anonymous_4)","line":69,"loc":{"start":{"line":69,"column":31},"end":{"line":69,"column":48}},"skip":true},"5":{"name":"(anonymous_5)","line":78,"loc":{"start":{"line":78,"column":26},"end":{"line":78,"column":45}},"skip":true},"6":{"name":"(anonymous_6)","line":123,"loc":{"start":{"line":123,"column":33},"end":{"line":123,"column":48}},"skip":true},"7":{"name":"(anonymous_7)","line":125,"loc":{"start":{"line":125,"column":27},"end":{"line":125,"column":39}},"skip":true},"8":{"name":"(anonymous_8)","line":133,"loc":{"start":{"line":133,"column":59},"end":{"line":133,"column":74}},"skip":true},"9":{"name":"(anonymous_9)","line":143,"loc":{"start":{"line":143,"column":45},"end":{"line":143,"column":62}},"skip":true},"10":{"name":"(anonymous_10)","line":144,"loc":{"start":{"line":144,"column":73},"end":{"line":144,"column":92}},"skip":true},"11":{"name":"(anonymous_11)","line":272,"loc":{"start":{"line":272,"column":51},"end":{"line":272,"column":77}},"skip":true},"12":{"name":"(anonymous_12)","line":315,"loc":{"start":{"line":315,"column":32},"end":{"line":315,"column":61}},"skip":true}},"statementMap":{"1":{"start":{"line":26,"column":0},"end":{"line":326,"column":5}},"2":{"start":{"line":28,"column":4},"end":{"line":28,"column":14}},"3":{"start":{"line":33,"column":4},"end":{"line":60,"column":9}},"4":{"start":{"line":35,"column":8},"end":{"line":35,"column":19}},"5":{"start":{"line":37,"column":8},"end":{"line":49,"column":13}},"6":{"start":{"line":38,"column":12},"end":{"line":48,"column":13}},"7":{"start":{"line":39,"column":16},"end":{"line":42,"column":30}},"8":{"start":{"line":44,"column":16},"end":{"line":47,"column":27}},"9":{"start":{"line":51,"column":8},"end":{"line":53,"column":21}},"10":{"start":{"line":55,"column":8},"end":{"line":57,"column":45}},"11":{"start":{"line":59,"column":8},"end":{"line":59,"column":35}},"12":{"start":{"line":61,"column":4},"end":{"line":325,"column":5}},"13":{"start":{"line":69,"column":8},"end":{"line":121,"column":10},"skip":true},"14":{"start":{"line":70,"column":12},"end":{"line":88,"column":13},"skip":true},"15":{"start":{"line":76,"column":16},"end":{"line":87,"column":19},"skip":true},"16":{"start":{"line":79,"column":20},"end":{"line":86,"column":21},"skip":true},"17":{"start":{"line":82,"column":24},"end":{"line":82,"column":43},"skip":true},"18":{"start":{"line":83,"column":24},"end":{"line":83,"column":30},"skip":true},"19":{"start":{"line":85,"column":24},"end":{"line":85,"column":49},"skip":true},"20":{"start":{"line":89,"column":12},"end":{"line":107,"column":13},"skip":true},"21":{"start":{"line":92,"column":16},"end":{"line":102,"column":17},"skip":true},"22":{"start":{"line":93,"column":20},"end":{"line":93,"column":86},"skip":true},"23":{"start":{"line":94,"column":20},"end":{"line":95,"column":45},"skip":true},"24":{"start":{"line":96,"column":20},"end":{"line":96,"column":42},"skip":true},"25":{"start":{"line":97,"column":20},"end":{"line":97,"column":48},"skip":true},"26":{"start":{"line":100,"column":20},"end":{"line":100,"column":85},"skip":true},"27":{"start":{"line":101,"column":20},"end":{"line":101,"column":96},"skip":true},"28":{"start":{"line":103,"column":16},"end":{"line":103,"column":22},"skip":true},"29":{"start":{"line":106,"column":16},"end":{"line":106,"column":22},"skip":true},"30":{"start":{"line":108,"column":12},"end":{"line":120,"column":13},"skip":true},"31":{"start":{"line":114,"column":16},"end":{"line":119,"column":17},"skip":true},"32":{"start":{"line":116,"column":20},"end":{"line":116,"column":78},"skip":true},"33":{"start":{"line":118,"column":20},"end":{"line":118,"column":47},"skip":true},"34":{"start":{"line":123,"column":8},"end":{"line":141,"column":11},"skip":true},"35":{"start":{"line":124,"column":12},"end":{"line":124,"column":54},"skip":true},"36":{"start":{"line":125,"column":12},"end":{"line":140,"column":14},"skip":true},"37":{"start":{"line":126,"column":16},"end":{"line":126,"column":28},"skip":true},"38":{"start":{"line":127,"column":16},"end":{"line":127,"column":69},"skip":true},"39":{"start":{"line":128,"column":16},"end":{"line":128,"column":75},"skip":true},"40":{"start":{"line":129,"column":16},"end":{"line":131,"column":17},"skip":true},"41":{"start":{"line":130,"column":20},"end":{"line":130,"column":27},"skip":true},"42":{"start":{"line":133,"column":16},"end":{"line":137,"column":36},"skip":true},"43":{"start":{"line":134,"column":20},"end":{"line":136,"column":55},"skip":true},"44":{"start":{"line":139,"column":16},"end":{"line":139,"column":57},"skip":true},"45":{"start":{"line":143,"column":8},"end":{"line":147,"column":11},"skip":true},"46":{"start":{"line":144,"column":12},"end":{"line":146,"column":15},"skip":true},"47":{"start":{"line":145,"column":16},"end":{"line":145,"column":70},"skip":true},"48":{"start":{"line":149,"column":8},"end":{"line":149,"column":31},"skip":true},"49":{"start":{"line":150,"column":8},"end":{"line":150,"column":14},"skip":true},"50":{"start":{"line":158,"column":8},"end":{"line":158,"column":31},"skip":true},"51":{"start":{"line":160,"column":8},"end":{"line":160,"column":33},"skip":true},"52":{"start":{"line":161,"column":8},"end":{"line":161,"column":37},"skip":true},"53":{"start":{"line":162,"column":8},"end":{"line":162,"column":35},"skip":true},"54":{"start":{"line":164,"column":8},"end":{"line":164,"column":50},"skip":true},"55":{"start":{"line":166,"column":8},"end":{"line":256,"column":2},"skip":true},"56":{"start":{"line":258,"column":8},"end":{"line":286,"column":9},"skip":true},"57":{"start":{"line":259,"column":12},"end":{"line":269,"column":14},"skip":true},"58":{"start":{"line":271,"column":12},"end":{"line":285,"column":19},"skip":true},"59":{"start":{"line":274,"column":20},"end":{"line":274,"column":35},"skip":true},"60":{"start":{"line":275,"column":20},"end":{"line":284,"column":21},"skip":true},"61":{"start":{"line":277,"column":24},"end":{"line":277,"column":64},"skip":true},"62":{"start":{"line":279,"column":24},"end":{"line":279,"column":40},"skip":true},"63":{"start":{"line":281,"column":24},"end":{"line":281,"column":40},"skip":true},"64":{"start":{"line":283,"column":24},"end":{"line":283,"column":39},"skip":true},"65":{"start":{"line":288,"column":8},"end":{"line":290,"column":9},"skip":true},"66":{"start":{"line":289,"column":12},"end":{"line":289,"column":18},"skip":true},"67":{"start":{"line":291,"column":8},"end":{"line":293,"column":54},"skip":true},"68":{"start":{"line":296,"column":8},"end":{"line":301,"column":37},"skip":true},"69":{"start":{"line":303,"column":8},"end":{"line":303,"column":82},"skip":true},"70":{"start":{"line":306,"column":8},"end":{"line":308,"column":9},"skip":true},"71":{"start":{"line":307,"column":12},"end":{"line":307,"column":82},"skip":true},"72":{"start":{"line":310,"column":8},"end":{"line":312,"column":9},"skip":true},"73":{"start":{"line":311,"column":12},"end":{"line":311,"column":18},"skip":true},"74":{"start":{"line":313,"column":8},"end":{"line":313,"column":54},"skip":true},"75":{"start":{"line":314,"column":8},"end":{"line":314,"column":69},"skip":true},"76":{"start":{"line":315,"column":8},"end":{"line":323,"column":36},"skip":true},"77":{"start":{"line":316,"column":12},"end":{"line":316,"column":61},"skip":true},"78":{"start":{"line":317,"column":12},"end":{"line":320,"column":13},"skip":true},"79":{"start":{"line":318,"column":16},"end":{"line":318,"column":75},"skip":true},"80":{"start":{"line":319,"column":16},"end":{"line":319,"column":23},"skip":true},"81":{"start":{"line":321,"column":12},"end":{"line":321,"column":38},"skip":true},"82":{"start":{"line":322,"column":12},"end":{"line":322,"column":27},"skip":true},"83":{"start":{"line":324,"column":8},"end":{"line":324,"column":14},"skip":true}},"branchMap":{"1":{"line":39,"type":"binary-expr","locations":[{"start":{"line":39,"column":23},"end":{"line":39,"column":62}},{"start":{"line":40,"column":20},"end":{"line":40,"column":70}},{"start":{"line":41,"column":20},"end":{"line":41,"column":71}},{"start":{"line":42,"column":20},"end":{"line":42,"column":29}}]},"2":{"line":44,"type":"binary-expr","locations":[{"start":{"line":44,"column":23},"end":{"line":44,"column":37}},{"start":{"line":45,"column":20},"end":{"line":45,"column":61}},{"start":{"line":46,"column":20},"end":{"line":46,"column":70}},{"start":{"line":47,"column":20},"end":{"line":47,"column":26}}]},"3":{"line":51,"type":"cond-expr","locations":[{"start":{"line":52,"column":14},"end":{"line":52,"column":20}},{"start":{"line":53,"column":14},"end":{"line":53,"column":20}}]},"4":{"line":55,"type":"binary-expr","locations":[{"start":{"line":55,"column":16},"end":{"line":55,"column":44}},{"start":{"line":55,"column":49},"end":{"line":57,"column":43}}]},"5":{"line":55,"type":"cond-expr","locations":[{"start":{"line":56,"column":14},"end":{"line":56,"column":64}},{"start":{"line":57,"column":14},"end":{"line":57,"column":43}}]},"6":{"line":61,"type":"switch","locations":[{"start":{"line":68,"column":4},"end":{"line":150,"column":14},"skip":true},{"start":{"line":156,"column":4},"end":{"line":324,"column":14},"skip":true}]},"7":{"line":70,"type":"if","locations":[{"start":{"line":70,"column":12},"end":{"line":70,"column":12},"skip":true},{"start":{"line":70,"column":12},"end":{"line":70,"column":12},"skip":true}]},"8":{"line":70,"type":"binary-expr","locations":[{"start":{"line":70,"column":16},"end":{"line":70,"column":22},"skip":true},{"start":{"line":70,"column":27},"end":{"line":70,"column":32},"skip":true},{"start":{"line":71,"column":20},"end":{"line":71,"column":39},"skip":true},{"start":{"line":72,"column":20},"end":{"line":72,"column":49},"skip":true},{"start":{"line":73,"column":20},"end":{"line":73,"column":58},"skip":true},{"start":{"line":74,"column":20},"end":{"line":74,"column":69},"skip":true}]},"9":{"line":79,"type":"switch","locations":[{"start":{"line":80,"column":20},"end":{"line":80,"column":33},"skip":true},{"start":{"line":81,"column":20},"end":{"line":83,"column":30},"skip":true},{"start":{"line":84,"column":20},"end":{"line":85,"column":49},"skip":true}]},"10":{"line":89,"type":"switch","locations":[{"start":{"line":90,"column":12},"end":{"line":103,"column":22},"skip":true},{"start":{"line":105,"column":12},"end":{"line":106,"column":22},"skip":true}]},"11":{"line":89,"type":"binary-expr","locations":[{"start":{"line":89,"column":20},"end":{"line":89,"column":25},"skip":true},{"start":{"line":89,"column":29},"end":{"line":89,"column":48},"skip":true},{"start":{"line":89,"column":52},"end":{"line":89,"column":74},"skip":true}]},"12":{"line":92,"type":"if","locations":[{"start":{"line":92,"column":16},"end":{"line":92,"column":16},"skip":true},{"start":{"line":92,"column":16},"end":{"line":92,"column":16},"skip":true}]},"13":{"line":108,"type":"if","locations":[{"start":{"line":108,"column":12},"end":{"line":108,"column":12},"skip":true},{"start":{"line":108,"column":12},"end":{"line":108,"column":12},"skip":true}]},"14":{"line":108,"type":"binary-expr","locations":[{"start":{"line":108,"column":16},"end":{"line":108,"column":61},"skip":true},{"start":{"line":108,"column":66},"end":{"line":108,"column":72},"skip":true},{"start":{"line":108,"column":77},"end":{"line":108,"column":82},"skip":true},{"start":{"line":109,"column":20},"end":{"line":109,"column":39},"skip":true},{"start":{"line":110,"column":20},"end":{"line":110,"column":49},"skip":true},{"start":{"line":111,"column":20},"end":{"line":111,"column":58},"skip":true},{"start":{"line":112,"column":20},"end":{"line":112,"column":68},"skip":true}]},"15":{"line":129,"type":"if","locations":[{"start":{"line":129,"column":16},"end":{"line":129,"column":16},"skip":true},{"start":{"line":129,"column":16},"end":{"line":129,"column":16},"skip":true}]},"16":{"line":134,"type":"cond-expr","locations":[{"start":{"line":135,"column":26},"end":{"line":135,"column":29},"skip":true},{"start":{"line":136,"column":26},"end":{"line":136,"column":54},"skip":true}]},"17":{"line":164,"type":"binary-expr","locations":[{"start":{"line":164,"column":27},"end":{"line":164,"column":43},"skip":true},{"start":{"line":164,"column":47},"end":{"line":164,"column":49},"skip":true}]},"18":{"line":258,"type":"if","locations":[{"start":{"line":258,"column":8},"end":{"line":258,"column":8},"skip":true},{"start":{"line":258,"column":8},"end":{"line":258,"column":8},"skip":true}]},"19":{"line":275,"type":"switch","locations":[{"start":{"line":276,"column":20},"end":{"line":277,"column":64},"skip":true},{"start":{"line":278,"column":20},"end":{"line":279,"column":40},"skip":true},{"start":{"line":280,"column":20},"end":{"line":281,"column":40},"skip":true},{"start":{"line":282,"column":20},"end":{"line":283,"column":39},"skip":true}]},"20":{"line":288,"type":"if","locations":[{"start":{"line":288,"column":8},"end":{"line":288,"column":8},"skip":true},{"start":{"line":288,"column":8},"end":{"line":288,"column":8},"skip":true}]},"21":{"line":288,"type":"binary-expr","locations":[{"start":{"line":288,"column":12},"end":{"line":288,"column":40},"skip":true},{"start":{"line":288,"column":44},"end":{"line":288,"column":67},"skip":true}]},"22":{"line":292,"type":"binary-expr","locations":[{"start":{"line":292,"column":12},"end":{"line":292,"column":50},"skip":true},{"start":{"line":293,"column":12},"end":{"line":293,"column":53},"skip":true}]},"23":{"line":297,"type":"binary-expr","locations":[{"start":{"line":297,"column":12},"end":{"line":297,"column":78},"skip":true},{"start":{"line":298,"column":12},"end":{"line":301,"column":36},"skip":true}]},"24":{"line":303,"type":"binary-expr","locations":[{"start":{"line":303,"column":43},"end":{"line":303,"column":75},"skip":true},{"start":{"line":303,"column":79},"end":{"line":303,"column":81},"skip":true}]},"25":{"line":306,"type":"if","locations":[{"start":{"line":306,"column":8},"end":{"line":306,"column":8},"skip":true},{"start":{"line":306,"column":8},"end":{"line":306,"column":8},"skip":true}]},"26":{"line":310,"type":"if","locations":[{"start":{"line":310,"column":8},"end":{"line":310,"column":8},"skip":true},{"start":{"line":310,"column":8},"end":{"line":310,"column":8},"skip":true}]},"27":{"line":313,"type":"binary-expr","locations":[{"start":{"line":313,"column":27},"end":{"line":313,"column":43},"skip":true},{"start":{"line":313,"column":47},"end":{"line":313,"column":53},"skip":true}]},"28":{"line":317,"type":"if","locations":[{"start":{"line":317,"column":12},"end":{"line":317,"column":12},"skip":true},{"start":{"line":317,"column":12},"end":{"line":317,"column":12},"skip":true}]}},"code":["/*","example.js","","quickstart example","","instruction","    1. save this script as example.js","    2. run the shell command:","        $ npm install npmtest-generator-ionic-gulp && PORT=8081 node example.js","    3. play with the browser-demo on http://127.0.0.1:8081","*/","","","","/* istanbul instrument in package npmtest_generator_ionic_gulp */","/*jslint","    bitwise: true,","    browser: true,","    maxerr: 8,","    maxlen: 96,","    node: true,","    nomen: true,","    regexp: true,","    stupid: true","*/","(function () {","    'use strict';","    var local;","","","","    // run shared js-env code - pre-init","    (function () {","        // init local","        local = {};","        // init modeJs","        local.modeJs = (function () {","            try {","                return typeof navigator.userAgent === 'string' &&","                    typeof document.querySelector('body') === 'object' &&","                    typeof XMLHttpRequest.prototype.open === 'function' &&","                    'browser';","            } catch (errorCaughtBrowser) {","                return module.exports &&","                    typeof process.versions.node === 'string' &&","                    typeof require('http').createServer === 'function' &&","                    'node';","            }","        }());","        // init global","        local.global = local.modeJs === 'browser'","            ? window","            : global;","        // init utility2_rollup","        local = local.global.utility2_rollup || (local.modeJs === 'browser'","            ? local.global.utility2_npmtest_generator_ionic_gulp","            : global.utility2_moduleExports);","        // export local","        local.global.local = local;","    }());","    switch (local.modeJs) {","","","","    // post-init","    // run browser js-env code - post-init","    /* istanbul ignore next */","    case 'browser':","        local.testRunBrowser = function (event) {","            if (!event || (event &&","                    event.currentTarget &&","                    event.currentTarget.className &&","                    event.currentTarget.className.includes &&","                    event.currentTarget.className.includes('onreset'))) {","                // reset output","                Array.from(","                    document.querySelectorAll('body > .resettable')","                ).forEach(function (element) {","                    switch (element.tagName) {","                    case 'INPUT':","                    case 'TEXTAREA':","                        element.value = '';","                        break;","                    default:","                        element.textContent = '';","                    }","                });","            }","            switch (event && event.currentTarget && event.currentTarget.id) {","            case 'testRunButton1':","                // show tests","                if (document.querySelector('#testReportDiv1').style.display === 'none') {","                    document.querySelector('#testReportDiv1').style.display = 'block';","                    document.querySelector('#testRunButton1').textContent =","                        'hide internal test';","                    local.modeTest = true;","                    local.testRunDefault(local);","                // hide tests","                } else {","                    document.querySelector('#testReportDiv1').style.display = 'none';","                    document.querySelector('#testRunButton1').textContent = 'run internal test';","                }","                break;","            // custom-case","            default:","                break;","            }","            if (document.querySelector('#inputTextareaEval1') && (!event || (event &&","                    event.currentTarget &&","                    event.currentTarget.className &&","                    event.currentTarget.className.includes &&","                    event.currentTarget.className.includes('oneval')))) {","                // try to eval input-code","                try {","                    /*jslint evil: true*/","                    eval(document.querySelector('#inputTextareaEval1').value);","                } catch (errorCaught) {","                    console.error(errorCaught);","                }","            }","        };","        // log stderr and stdout to #outputTextareaStdout1","        ['error', 'log'].forEach(function (key) {","            console[key + '_original'] = console[key];","            console[key] = function () {","                var element;","                console[key + '_original'].apply(console, arguments);","                element = document.querySelector('#outputTextareaStdout1');","                if (!element) {","                    return;","                }","                // append text to #outputTextareaStdout1","                element.value += Array.from(arguments).map(function (arg) {","                    return typeof arg === 'string'","                        ? arg","                        : JSON.stringify(arg, null, 4);","                }).join(' ') + '\\n';","                // scroll textarea to bottom","                element.scrollTop = element.scrollHeight;","            };","        });","        // init event-handling","        ['change', 'click', 'keyup'].forEach(function (event) {","            Array.from(document.querySelectorAll('.on' + event)).forEach(function (element) {","                element.addEventListener(event, local.testRunBrowser);","            });","        });","        // run tests","        local.testRunBrowser();","        break;","","","","    // run node js-env code - post-init","    /* istanbul ignore next */","    case 'node':","        // export local","        module.exports = local;","        // require modules","        local.fs = require('fs');","        local.http = require('http');","        local.url = require('url');","        // init assets","        local.assetsDict = local.assetsDict || {};","        /* jslint-ignore-begin */","        local.assetsDict['/assets.index.template.html'] = '\\","<!doctype html>\\n\\","<html lang=\"en\">\\n\\","<head>\\n\\","<meta charset=\"UTF-8\">\\n\\","<meta name=\"viewport\" content=\"width=device-width, initial-scale=1\">\\n\\","<title>{{env.npm_package_name}} (v{{env.npm_package_version}})</title>\\n\\","<style>\\n\\","/*csslint\\n\\","    box-sizing: false,\\n\\","    universal-selector: false\\n\\","*/\\n\\","* {\\n\\","    box-sizing: border-box;\\n\\","}\\n\\","body {\\n\\","    background: #dde;\\n\\","    font-family: Arial, Helvetica, sans-serif;\\n\\","    margin: 2rem;\\n\\","}\\n\\","body > * {\\n\\","    margin-bottom: 1rem;\\n\\","}\\n\\",".utility2FooterDiv {\\n\\","    margin-top: 20px;\\n\\","    text-align: center;\\n\\","}\\n\\","</style>\\n\\","<style>\\n\\","/*csslint\\n\\","*/\\n\\","textarea {\\n\\","    font-family: monospace;\\n\\","    height: 10rem;\\n\\","    width: 100%;\\n\\","}\\n\\","textarea[readonly] {\\n\\","    background: #ddd;\\n\\","}\\n\\","</style>\\n\\","</head>\\n\\","<body>\\n\\","<!-- utility2-comment\\n\\","<div id=\"ajaxProgressDiv1\" style=\"background: #d00; height: 2px; left: 0; margin: 0; padding: 0; position: fixed; top: 0; transition: background 0.5s, width 1.5s; width: 25%;\"></div>\\n\\","utility2-comment -->\\n\\","<h1>\\n\\","<!-- utility2-comment\\n\\","    <a\\n\\","        {{#if env.npm_package_homepage}}\\n\\","        href=\"{{env.npm_package_homepage}}\"\\n\\","        {{/if env.npm_package_homepage}}\\n\\","        target=\"_blank\"\\n\\","    >\\n\\","utility2-comment -->\\n\\","        {{env.npm_package_name}} (v{{env.npm_package_version}})\\n\\","<!-- utility2-comment\\n\\","    </a>\\n\\","utility2-comment -->\\n\\","</h1>\\n\\","<h3>{{env.npm_package_description}}</h3>\\n\\","<!-- utility2-comment\\n\\","<h4><a download href=\"assets.app.js\">download standalone app</a></h4>\\n\\","<button class=\"onclick onreset\" id=\"testRunButton1\">run internal test</button><br>\\n\\","<div id=\"testReportDiv1\" style=\"display: none;\"></div>\\n\\","utility2-comment -->\\n\\","\\n\\","\\n\\","\\n\\","<label>stderr and stdout</label>\\n\\","<textarea class=\"resettable\" id=\"outputTextareaStdout1\" readonly></textarea>\\n\\","<!-- utility2-comment\\n\\","{{#if isRollup}}\\n\\","<script src=\"assets.app.js\"></script>\\n\\","{{#unless isRollup}}\\n\\","utility2-comment -->\\n\\","<script src=\"assets.utility2.rollup.js\"></script>\\n\\","<script src=\"jsonp.utility2._stateInit?callback=window.utility2._stateInit\"></script>\\n\\","<script src=\"assets.npmtest_generator_ionic_gulp.rollup.js\"></script>\\n\\","<script src=\"assets.example.js\"></script>\\n\\","<script src=\"assets.test.js\"></script>\\n\\","<!-- utility2-comment\\n\\","{{/if isRollup}}\\n\\","utility2-comment -->\\n\\","<div class=\"utility2FooterDiv\">\\n\\","    [ this app was created with\\n\\","    <a href=\"https://github.com/kaizhu256/node-utility2\" target=\"_blank\">utility2</a>\\n\\","    ]\\n\\","</div>\\n\\","</body>\\n\\","</html>\\n\\","';","        /* jslint-ignore-end */","        if (local.templateRender) {","            local.assetsDict['/'] = local.templateRender(","                local.assetsDict['/assets.index.template.html'],","                {","                    env: local.objectSetDefault(local.env, {","                        npm_package_description: 'the greatest app in the world!',","                        npm_package_name: 'my-app',","                        npm_package_nameAlias: 'my_app',","                        npm_package_version: '0.0.1'","                    })","                }","            );","        } else {","            local.assetsDict['/'] = local.assetsDict['/assets.index.template.html']","                .replace((/\\{\\{env\\.(\\w+?)\\}\\}/g), function (match0, match1) {","                    // jslint-hack","                    String(match0);","                    switch (match1) {","                    case 'npm_package_description':","                        return 'the greatest app in the world!';","                    case 'npm_package_name':","                        return 'my-app';","                    case 'npm_package_nameAlias':","                        return 'my_app';","                    case 'npm_package_version':","                        return '0.0.1';","                    }","                });","        }","        // run the cli","        if (local.global.utility2_rollup || module !== require.main) {","            break;","        }","        local.assetsDict['/assets.example.js'] =","            local.assetsDict['/assets.example.js'] ||","            local.fs.readFileSync(__filename, 'utf8');","        // bug-workaround - long $npm_package_buildCustomOrg","        /* jslint-ignore-begin */","        local.assetsDict['/assets.npmtest_generator_ionic_gulp.rollup.js'] =","            local.assetsDict['/assets.npmtest_generator_ionic_gulp.rollup.js'] ||","            local.fs.readFileSync(","                local.npmtest_generator_ionic_gulp.__dirname + '/lib.npmtest_generator_ionic_gulp.js',","                'utf8'","            ).replace((/^#!/), '//');","        /* jslint-ignore-end */","        local.assetsDict['/favicon.ico'] = local.assetsDict['/favicon.ico'] || '';","        // if $npm_config_timeout_exit exists,","        // then exit this process after $npm_config_timeout_exit ms","        if (Number(process.env.npm_config_timeout_exit)) {","            setTimeout(process.exit, Number(process.env.npm_config_timeout_exit));","        }","        // start server","        if (local.global.utility2_serverHttp1) {","            break;","        }","        process.env.PORT = process.env.PORT || '8081';","        console.error('server starting on port ' + process.env.PORT);","        local.http.createServer(function (request, response) {","            request.urlParsed = local.url.parse(request.url);","            if (local.assetsDict[request.urlParsed.pathname] !== undefined) {","                response.end(local.assetsDict[request.urlParsed.pathname]);","                return;","            }","            response.statusCode = 404;","            response.end();","        }).listen(process.env.PORT);","        break;","    }","}());",""],"l":{"26":2,"28":2,"33":2,"35":2,"37":2,"38":2,"39":2,"44":1,"51":2,"55":2,"59":2,"61":2,"69":1,"70":2,"76":2,"79":2,"82":2,"83":2,"85":1,"89":2,"92":1,"93":1,"94":1,"96":1,"97":1,"100":1,"101":1,"103":1,"106":1,"108":2,"114":1,"116":1,"118":1,"123":1,"124":2,"125":2,"126":3,"127":3,"128":3,"129":3,"130":1,"133":3,"134":3,"139":3,"143":1,"144":3,"145":1,"149":1,"150":1,"158":1,"160":1,"161":1,"162":1,"164":1,"166":1,"258":1,"259":1,"271":1,"274":6,"275":6,"277":1,"279":2,"281":1,"283":2,"288":1,"289":1,"291":1,"296":1,"303":1,"306":1,"307":1,"310":1,"311":1,"313":1,"314":1,"315":1,"316":1,"317":1,"318":1,"319":1,"321":1,"322":1,"324":1}},"/home/travis/build/npmtest/node-npmtest-generator-ionic-gulp/node_modules/generator-ionic-gulp/app/index.js":{"path":"/home/travis/build/npmtest/node-npmtest-generator-ionic-gulp/node_modules/generator-ionic-gulp/app/index.js","s":{"1":1,"2":1,"3":1,"4":1,"5":1,"6":1,"7":0,"8":0,"9":0,"10":0,"11":0,"12":0,"13":0,"14":0,"15":0,"16":0,"17":0,"18":0,"19":0,"20":0,"21":0,"22":0,"23":0,"24":0,"25":0,"26":0,"27":0,"28":0,"29":0,"30":0,"31":0,"32":0,"33":0,"34":0,"35":0,"36":0,"37":0,"38":0,"39":0,"40":0,"41":0,"42":0,"43":0,"44":0,"45":0,"46":0,"47":0,"48":0,"49":0,"50":0,"51":0,"52":0,"53":0,"54":0,"55":0,"56":0,"57":0,"58":0},"b":{"1":[0,0],"2":[0,0],"3":[0,0],"4":[0,0],"5":[0,0],"6":[0,0]},"f":{"1":0,"2":0,"3":0,"4":0,"5":0,"6":0,"7":0,"8":0},"fnMap":{"1":{"name":"(anonymous_1)","line":11,"loc":{"start":{"line":11,"column":16},"end":{"line":11,"column":28}}},"2":{"name":"askForNames","line":17,"loc":{"start":{"line":17,"column":17},"end":{"line":17,"column":40}}},"3":{"name":"(anonymous_3)","line":51,"loc":{"start":{"line":51,"column":27},"end":{"line":51,"column":43}}},"4":{"name":"askForAppId","line":64,"loc":{"start":{"line":64,"column":17},"end":{"line":64,"column":40}}},"5":{"name":"(anonymous_5)","line":71,"loc":{"start":{"line":71,"column":10},"end":{"line":71,"column":27}}},"6":{"name":"(anonymous_6)","line":81,"loc":{"start":{"line":81,"column":11},"end":{"line":81,"column":23}}},"7":{"name":"(anonymous_7)","line":136,"loc":{"start":{"line":136,"column":18},"end":{"line":136,"column":30}}},"8":{"name":"(anonymous_8)","line":276,"loc":{"start":{"line":276,"column":11},"end":{"line":276,"column":23}}}},"statementMap":{"1":{"start":{"line":2,"column":0},"end":{"line":2,"column":43}},"2":{"start":{"line":3,"column":0},"end":{"line":3,"column":32}},"3":{"start":{"line":4,"column":0},"end":{"line":4,"column":32}},"4":{"start":{"line":5,"column":0},"end":{"line":5,"column":32}},"5":{"start":{"line":7,"column":0},"end":{"line":7,"column":46}},"6":{"start":{"line":10,"column":0},"end":{"line":281,"column":3}},"7":{"start":{"line":12,"column":4},"end":{"line":12,"column":42}},"8":{"start":{"line":18,"column":6},"end":{"line":18,"column":30}},"9":{"start":{"line":21,"column":6},"end":{"line":23,"column":9}},"10":{"start":{"line":25,"column":6},"end":{"line":49,"column":9}},"11":{"start":{"line":51,"column":6},"end":{"line":61,"column":20}},"12":{"start":{"line":52,"column":8},"end":{"line":52,"column":37}},"13":{"start":{"line":53,"column":8},"end":{"line":53,"column":39}},"14":{"start":{"line":54,"column":8},"end":{"line":54,"column":39}},"15":{"start":{"line":58,"column":8},"end":{"line":58,"column":58}},"16":{"start":{"line":60,"column":8},"end":{"line":60,"column":15}},"17":{"start":{"line":65,"column":6},"end":{"line":65,"column":30}},"18":{"start":{"line":66,"column":6},"end":{"line":74,"column":20}},"19":{"start":{"line":72,"column":8},"end":{"line":72,"column":33}},"20":{"start":{"line":73,"column":8},"end":{"line":73,"column":15}},"21":{"start":{"line":82,"column":6},"end":{"line":82,"column":71}},"22":{"start":{"line":84,"column":6},"end":{"line":90,"column":8}},"23":{"start":{"line":91,"column":6},"end":{"line":97,"column":8}},"24":{"start":{"line":98,"column":6},"end":{"line":105,"column":8}},"25":{"start":{"line":107,"column":6},"end":{"line":111,"column":8}},"26":{"start":{"line":113,"column":6},"end":{"line":116,"column":8}},"27":{"start":{"line":117,"column":6},"end":{"line":120,"column":8}},"28":{"start":{"line":121,"column":6},"end":{"line":124,"column":8}},"29":{"start":{"line":126,"column":6},"end":{"line":126,"column":28}},"30":{"start":{"line":127,"column":6},"end":{"line":127,"column":24}},"31":{"start":{"line":129,"column":6},"end":{"line":132,"column":8}},"32":{"start":{"line":137,"column":6},"end":{"line":137,"column":71}},"33":{"start":{"line":139,"column":6},"end":{"line":139,"column":35}},"34":{"start":{"line":140,"column":6},"end":{"line":140,"column":39}},"35":{"start":{"line":142,"column":6},"end":{"line":142,"column":30}},"36":{"start":{"line":143,"column":6},"end":{"line":143,"column":31}},"37":{"start":{"line":144,"column":6},"end":{"line":144,"column":30}},"38":{"start":{"line":146,"column":6},"end":{"line":150,"column":8}},"39":{"start":{"line":152,"column":6},"end":{"line":156,"column":8}},"40":{"start":{"line":158,"column":6},"end":{"line":261,"column":7}},"41":{"start":{"line":161,"column":8},"end":{"line":165,"column":10}},"42":{"start":{"line":168,"column":8},"end":{"line":172,"column":10}},"43":{"start":{"line":175,"column":8},"end":{"line":179,"column":10}},"44":{"start":{"line":181,"column":8},"end":{"line":185,"column":10}},"45":{"start":{"line":187,"column":8},"end":{"line":191,"column":10}},"46":{"start":{"line":194,"column":8},"end":{"line":198,"column":10}},"47":{"start":{"line":200,"column":8},"end":{"line":204,"column":10}},"48":{"start":{"line":209,"column":8},"end":{"line":213,"column":10}},"49":{"start":{"line":215,"column":8},"end":{"line":219,"column":10}},"50":{"start":{"line":221,"column":8},"end":{"line":225,"column":10}},"51":{"start":{"line":228,"column":8},"end":{"line":232,"column":10}},"52":{"start":{"line":234,"column":8},"end":{"line":238,"column":10}},"53":{"start":{"line":241,"column":8},"end":{"line":245,"column":10}},"54":{"start":{"line":248,"column":8},"end":{"line":252,"column":10}},"55":{"start":{"line":256,"column":8},"end":{"line":260,"column":10}},"56":{"start":{"line":263,"column":6},"end":{"line":266,"column":8}},"57":{"start":{"line":268,"column":6},"end":{"line":271,"column":8}},"58":{"start":{"line":277,"column":4},"end":{"line":279,"column":7}}},"branchMap":{"1":{"line":41,"type":"binary-expr","locations":[{"start":{"line":41,"column":18},"end":{"line":41,"column":36}},{"start":{"line":41,"column":40},"end":{"line":41,"column":51}}]},"2":{"line":47,"type":"binary-expr","locations":[{"start":{"line":47,"column":18},"end":{"line":47,"column":37}},{"start":{"line":47,"column":41},"end":{"line":47,"column":60}}]},"3":{"line":85,"type":"cond-expr","locations":[{"start":{"line":85,"column":46},"end":{"line":85,"column":72}},{"start":{"line":85,"column":75},"end":{"line":85,"column":90}}]},"4":{"line":108,"type":"cond-expr","locations":[{"start":{"line":108,"column":46},"end":{"line":108,"column":71}},{"start":{"line":108,"column":74},"end":{"line":108,"column":88}}]},"5":{"line":118,"type":"cond-expr","locations":[{"start":{"line":118,"column":46},"end":{"line":118,"column":68}},{"start":{"line":118,"column":71},"end":{"line":118,"column":82}}]},"6":{"line":158,"type":"if","locations":[{"start":{"line":158,"column":6},"end":{"line":158,"column":6}},{"start":{"line":158,"column":6},"end":{"line":158,"column":6}}]}},"code":["'use strict';","var yeoman = require( 'yeoman-generator' );","var chalk  = require( 'chalk' );","var yosay  = require( 'yosay' );","var path   = require( 'path'  );","","var appPath = path.join(process.cwd(), 'app');","","","module.exports = yeoman.generators.Base.extend({","  initializing: function () {","    this.pkg = require('../package.json');","  },","","  prompting: {","","    askForNames: function askForNames() {","      var done = this.async();","","      // Have Yeoman greet the user.","      this.log(yosay(","        'Welcome to the ' + chalk.red('ionic-gulp') + ' generator. Let\\'s build an ionic app, shall we?'","      ));","","      var prompts = [{","        type: 'input',","        name: 'appName',","        message: 'What\\'s the app name?',","        default : this.appname // Default to current folder name","      },","      {","        type: 'confirm',","        name: 'browserify',","        message: 'Would you like to use Browserify?',","        default : false","      },","      {","        type: 'input',","        name: 'userName',","        message: 'The author\\'s name? (for config files)',","        default : this.user.git.name || 'Your Name'","      },","      {","        type: 'input',","        name: 'userMail',","        message: 'Author email? (for config files)',","        default : this.user.git.email || 'email@example.com'","","      }];","","      this.prompt(prompts, function(props) {","        this.appName = props.appName;","        this.userName = props.userName;","        this.userMail = props.userMail;","","        // Store the Browserify preference for future sub-generator use","        //","        this.config.set( 'browserify', props.browserify );","","        done();","      }.bind(this));","    },","","    askForAppId: function askForAppId() {","      var done = this.async();","      this.prompt([{","        type: 'input',","        name: 'appId',","        message: 'The app id?',","        default : 'com.' + this._.classify(this.userName).toLowerCase() + '.' + this._.classify(this.appName).toLowerCase()","      }], function (props) {","        this.appId = props.appId;","        done();","      }.bind(this));","    }","","  },","","  writing: {","","    setup: function () {","      var browserifyEnabled = this.config.get( 'browserify' ) === true;","","      this.fs.copyTpl(","        this.templatePath(browserifyEnabled ? '_package.browserify.json' : '_package.json'),","        this.destinationPath('package.json'),","        { appName: this._.underscored(this.appName),","          userName: this.userName,","          userEmail: this.userMail }","      );","      this.fs.copyTpl(","        this.templatePath('_bower.json'),","        this.destinationPath('bower.json'),","        { appName: this._.classify(this.appName),","          userName: this.userName,","          userEmail: this.userMail }","      );","      this.fs.copyTpl(","        this.templatePath('_config.xml'),","        this.destinationPath('config.xml'),","        { appName: this.appName,","          userName: this.userName,","          userEmail: this.userMail,","          widgetId: this.appId }","      );","","      this.fs.copyTpl(","        this.templatePath(browserifyEnabled ? '_gulpfile.browserify.js' : '_gulpfile.js'),","        this.destinationPath('gulpfile.js'),","        { ngModulName: this._.classify(this.appName) }","      );","","      this.fs.copy(","        this.templatePath('editorconfig'),","        this.destinationPath('.editorconfig')","      );","      this.fs.copy(","        this.templatePath(browserifyEnabled ? 'gitignore.browserify' : 'gitignore'),","        this.destinationPath('.gitignore')","      );","      this.fs.copy(","        this.templatePath('jshintrc'),","        this.destinationPath('.jshintrc')","      );","","      this.mkdir('helpers');","      this.mkdir('www');","","      this.fs.copy(","        this.templatePath('helpers/emulateios'),","        this.destinationPath('helpers/emulateios')","      );","","    },","","    projectfiles: function () {","      var browserifyEnabled = this.config.get( 'browserify' ) === true;","","      this.directory('app', 'app');","      this.directory('hooks', 'hooks');","","      this.mkdir('app/icons');","      this.mkdir('app/images');","      this.mkdir('resources');","","      this.fs.copyTpl(","        this.templatePath('index.html'),","        this.destinationPath('app/index.html'),","        { title: this.appName, ngModulName: this._.classify(this.appName)  }","      );","","      this.fs.copyTpl(","        this.templatePath('home.html'),","        this.destinationPath('app/templates/views/home.html'),","        { title: this.appName }","      );","","      if ( browserifyEnabled )","      {","        // config","        this.fs.copyTpl(","          this.templatePath('scripts/apiEndpoint.js'),","          this.destinationPath('app/scripts/configuration.js'),","          { ngModulName: this._.classify(this.appName) }","        );","","        // app","        this.fs.copyTpl(","          this.templatePath('src/app.js'),","          this.destinationPath('app/src/app.js'),","          { ngModulName: this._.classify(this.appName) }","        );","","        // controllers","        this.fs.copyTpl(","          this.templatePath('src/controllers/homeController.js'),","          this.destinationPath('app/src/controllers/homeController.js'),","          { ngModulName: this._.classify(this.appName) }","        );","","        this.fs.copyTpl(","          this.templatePath('src/controllers/mainController.js'),","          this.destinationPath('app/src/controllers/mainController.js'),","          { ngModulName: this._.classify(this.appName) }","        );","","        this.fs.copyTpl(","          this.templatePath('src/controllers/settingsController.js'),","          this.destinationPath('app/src/controllers/settingsController.js'),","          { ngModulName: this._.classify(this.appName) }","        );","","        // services","        this.fs.copyTpl(","          this.templatePath('src/services/ExampleService.js'),","          this.destinationPath('app/src/services/ExampleService.js'),","          { ngModulName: this._.classify(this.appName) }","        );","","        this.fs.copyTpl(","          this.templatePath('src/services/ApiService.js'),","          this.destinationPath('app/src/services/ApiService.js'),","          { ngModulName: this._.classify(this.appName) }","        );","      }","      else","      {","        // controllers","        this.fs.copyTpl(","          this.templatePath('scripts/homeController.js'),","          this.destinationPath('app/scripts/controllers/homeController.js'),","          { ngModulName: this._.classify(this.appName) }","        );","","        this.fs.copyTpl(","          this.templatePath('scripts/mainController.js'),","          this.destinationPath('app/scripts/controllers/mainController.js'),","          { ngModulName: this._.classify(this.appName) }","        );","","        this.fs.copyTpl(","          this.templatePath('scripts/settingsController.js'),","          this.destinationPath('app/scripts/controllers/settingsController.js'),","          { ngModulName: this._.classify(this.appName) }","        );","","        // services","        this.fs.copyTpl(","          this.templatePath('scripts/ExampleService.js'),","          this.destinationPath('app/scripts/services/ExampleService.js'),","          { ngModulName: this._.classify(this.appName) }","        );","","        this.fs.copyTpl(","          this.templatePath('scripts/ApiService.js'),","          this.destinationPath('app/scripts/services/ApiService.js'),","          { ngModulName: this._.classify(this.appName) }","        );","","        // config","        this.fs.copyTpl(","          this.templatePath('scripts/apiEndpoint.js'),","          this.destinationPath('app/scripts/config/apiEndpoint.js'),","          { ngModulName: this._.classify(this.appName) }","        );","","        // utils","        this.fs.copyTpl(","          this.templatePath('scripts/lodash.js'),","          this.destinationPath('app/scripts/utils/lodash.js'),","          { ngModulName: this._.classify(this.appName) }","        );","","        // app","","        this.fs.copyTpl(","          this.templatePath('scripts/app.js'),","          this.destinationPath('app/scripts/app.js'),","          { ngModulName: this._.classify(this.appName) }","        );","      }","","      this.fs.copy(","        this.templatePath('splash.png'),","        this.destinationPath('resources/splash.png')","      );","","      this.fs.copy(","        this.templatePath('icon.png'),","        this.destinationPath('resources/icon.png')","      );","    }","","  },","","  install: function () {","    this.installDependencies({","      skipInstall: this.options['skip-install']","    });","  }","});",""],"l":{"2":1,"3":1,"4":1,"5":1,"7":1,"10":1,"12":0,"18":0,"21":0,"25":0,"51":0,"52":0,"53":0,"54":0,"58":0,"60":0,"65":0,"66":0,"72":0,"73":0,"82":0,"84":0,"91":0,"98":0,"107":0,"113":0,"117":0,"121":0,"126":0,"127":0,"129":0,"137":0,"139":0,"140":0,"142":0,"143":0,"144":0,"146":0,"152":0,"158":0,"161":0,"168":0,"175":0,"181":0,"187":0,"194":0,"200":0,"209":0,"215":0,"221":0,"228":0,"234":0,"241":0,"248":0,"256":0,"263":0,"268":0,"277":0}},"/home/travis/build/npmtest/node-npmtest-generator-ionic-gulp/node_modules/generator-ionic-gulp/app/templates/_gulpfile.browserify.js":{"path":"/home/travis/build/npmtest/node-npmtest-generator-ionic-gulp/node_modules/generator-ionic-gulp/app/templates/_gulpfile.browserify.js","s":{"1":2,"2":2,"3":0,"4":0,"5":0,"6":0,"7":0,"8":0,"9":0,"10":0,"11":0,"12":0,"13":0,"14":0,"15":0,"16":0,"17":0,"18":0,"19":0,"20":0,"21":0,"22":0,"23":0,"24":0,"25":0,"26":0,"27":0,"28":0,"29":0,"30":0,"31":0,"32":0,"33":0,"34":0,"35":0,"36":0,"37":0,"38":0,"39":0,"40":0,"41":0,"42":0,"43":0,"44":0,"45":0,"46":0,"47":0,"48":0,"49":0,"50":0,"51":0,"52":0,"53":0,"54":0,"55":0,"56":0,"57":0,"58":0,"59":0,"60":0,"61":0,"62":0,"63":0,"64":0,"65":0,"66":0,"67":0,"68":0,"69":0,"70":0,"71":0,"72":0,"73":0,"74":0,"75":0,"76":0,"77":0,"78":0,"79":0,"80":0,"81":0,"82":0,"83":0,"84":0,"85":0,"86":0,"87":0,"88":0,"89":0,"90":0,"91":0,"92":0,"93":0,"94":0,"95":0,"96":0,"97":0,"98":0,"99":0,"100":0,"101":0,"102":0,"103":0,"104":0,"105":0},"b":{"1":[0,0,0],"2":[0,0],"3":[0,0],"4":[0,0],"5":[0,0],"6":[0,0],"7":[0,0],"8":[0,0],"9":[0,0],"10":[0,0],"11":[0,0],"12":[0,0],"13":[0,0],"14":[0,0]},"f":{"1":0,"2":0,"3":0,"4":0,"5":0,"6":0,"7":0,"8":0,"9":0,"10":0,"11":0,"12":0,"13":0,"14":0,"15":0,"16":0,"17":0,"18":0,"19":0,"20":0,"21":0},"fnMap":{"1":{"name":"(anonymous_1)","line":58,"loc":{"start":{"line":58,"column":19},"end":{"line":58,"column":35}}},"2":{"name":"(anonymous_2)","line":69,"loc":{"start":{"line":69,"column":19},"end":{"line":69,"column":34}}},"3":{"name":"(anonymous_3)","line":74,"loc":{"start":{"line":74,"column":20},"end":{"line":74,"column":31}}},"4":{"name":"(anonymous_4)","line":80,"loc":{"start":{"line":80,"column":17},"end":{"line":80,"column":31}}},"5":{"name":"(anonymous_5)","line":91,"loc":{"start":{"line":91,"column":17},"end":{"line":91,"column":31}}},"6":{"name":"(anonymous_6)","line":106,"loc":{"start":{"line":106,"column":24},"end":{"line":106,"column":36}}},"7":{"name":"(anonymous_7)","line":126,"loc":{"start":{"line":126,"column":37},"end":{"line":126,"column":48}}},"8":{"name":"(anonymous_8)","line":164,"loc":{"start":{"line":164,"column":19},"end":{"line":164,"column":30}}},"9":{"name":"(anonymous_9)","line":176,"loc":{"start":{"line":176,"column":22},"end":{"line":176,"column":32}}},"10":{"name":"(anonymous_10)","line":194,"loc":{"start":{"line":194,"column":20},"end":{"line":194,"column":31}}},"11":{"name":"(anonymous_11)","line":203,"loc":{"start":{"line":203,"column":20},"end":{"line":203,"column":31}}},"12":{"name":"(anonymous_12)","line":212,"loc":{"start":{"line":212,"column":20},"end":{"line":212,"column":31}}},"13":{"name":"(anonymous_13)","line":227,"loc":{"start":{"line":227,"column":42},"end":{"line":227,"column":53}}},"14":{"name":"(anonymous_14)","line":233,"loc":{"start":{"line":233,"column":16},"end":{"line":233,"column":35}}},"15":{"name":"(anonymous_15)","line":244,"loc":{"start":{"line":244,"column":29},"end":{"line":244,"column":40}}},"16":{"name":"(anonymous_16)","line":265,"loc":{"start":{"line":265,"column":19},"end":{"line":265,"column":30}}},"17":{"name":"(anonymous_17)","line":267,"loc":{"start":{"line":267,"column":32},"end":{"line":267,"column":42}}},"18":{"name":"(anonymous_18)","line":300,"loc":{"start":{"line":300,"column":55},"end":{"line":300,"column":66}}},"19":{"name":"(anonymous_19)","line":316,"loc":{"start":{"line":316,"column":22},"end":{"line":316,"column":33}}},"20":{"name":"(anonymous_20)","line":333,"loc":{"start":{"line":333,"column":18},"end":{"line":333,"column":29}}},"21":{"name":"(anonymous_21)","line":336,"loc":{"start":{"line":336,"column":21},"end":{"line":336,"column":36}}}},"statementMap":{"1":{"start":{"line":3,"column":0},"end":{"line":3,"column":35}},"2":{"start":{"line":5,"column":0},"end":{"line":5,"column":27}},"3":{"start":{"line":6,"column":0},"end":{"line":6,"column":45}},"4":{"start":{"line":7,"column":0},"end":{"line":7,"column":25}},"5":{"start":{"line":8,"column":0},"end":{"line":8,"column":31}},"6":{"start":{"line":9,"column":0},"end":{"line":9,"column":33}},"7":{"start":{"line":10,"column":0},"end":{"line":10,"column":27}},"8":{"start":{"line":11,"column":0},"end":{"line":11,"column":27}},"9":{"start":{"line":12,"column":0},"end":{"line":12,"column":40}},"10":{"start":{"line":13,"column":0},"end":{"line":13,"column":46}},"11":{"start":{"line":14,"column":0},"end":{"line":14,"column":41}},"12":{"start":{"line":15,"column":0},"end":{"line":15,"column":42}},"13":{"start":{"line":16,"column":0},"end":{"line":16,"column":36}},"14":{"start":{"line":17,"column":0},"end":{"line":17,"column":40}},"15":{"start":{"line":18,"column":0},"end":{"line":18,"column":39}},"16":{"start":{"line":19,"column":0},"end":{"line":19,"column":44}},"17":{"start":{"line":20,"column":0},"end":{"line":20,"column":37}},"18":{"start":{"line":21,"column":0},"end":{"line":21,"column":36}},"19":{"start":{"line":22,"column":0},"end":{"line":22,"column":44}},"20":{"start":{"line":23,"column":0},"end":{"line":23,"column":33}},"21":{"start":{"line":24,"column":0},"end":{"line":24,"column":33}},"22":{"start":{"line":25,"column":0},"end":{"line":25,"column":32}},"23":{"start":{"line":30,"column":0},"end":{"line":39,"column":10}},"24":{"start":{"line":41,"column":0},"end":{"line":41,"column":55}},"25":{"start":{"line":42,"column":0},"end":{"line":42,"column":27}},"26":{"start":{"line":43,"column":0},"end":{"line":43,"column":19}},"27":{"start":{"line":44,"column":0},"end":{"line":44,"column":21}},"28":{"start":{"line":45,"column":0},"end":{"line":45,"column":35}},"29":{"start":{"line":46,"column":0},"end":{"line":46,"column":53}},"30":{"start":{"line":50,"column":0},"end":{"line":52,"column":1}},"31":{"start":{"line":51,"column":4},"end":{"line":51,"column":20}},"32":{"start":{"line":53,"column":0},"end":{"line":55,"column":1}},"33":{"start":{"line":54,"column":4},"end":{"line":54,"column":16}},"34":{"start":{"line":58,"column":0},"end":{"line":65,"column":2}},"35":{"start":{"line":59,"column":2},"end":{"line":64,"column":3}},"36":{"start":{"line":60,"column":4},"end":{"line":60,"column":16}},"37":{"start":{"line":62,"column":4},"end":{"line":62,"column":17}},"38":{"start":{"line":63,"column":4},"end":{"line":63,"column":28}},"39":{"start":{"line":69,"column":0},"end":{"line":71,"column":3}},"40":{"start":{"line":70,"column":2},"end":{"line":70,"column":85}},"41":{"start":{"line":74,"column":0},"end":{"line":103,"column":3}},"42":{"start":{"line":76,"column":2},"end":{"line":76,"column":72}},"43":{"start":{"line":78,"column":2},"end":{"line":83,"column":7}},"44":{"start":{"line":81,"column":6},"end":{"line":81,"column":32}},"45":{"start":{"line":82,"column":6},"end":{"line":82,"column":13}},"46":{"start":{"line":86,"column":2},"end":{"line":94,"column":9}},"47":{"start":{"line":92,"column":8},"end":{"line":92,"column":34}},"48":{"start":{"line":93,"column":8},"end":{"line":93,"column":15}},"49":{"start":{"line":96,"column":2},"end":{"line":102,"column":31}},"50":{"start":{"line":106,"column":0},"end":{"line":122,"column":3}},"51":{"start":{"line":108,"column":2},"end":{"line":111,"column":50}},"52":{"start":{"line":113,"column":2},"end":{"line":121,"column":39}},"53":{"start":{"line":126,"column":0},"end":{"line":161,"column":3}},"54":{"start":{"line":127,"column":2},"end":{"line":127,"column":45}},"55":{"start":{"line":129,"column":2},"end":{"line":134,"column":4}},"56":{"start":{"line":138,"column":2},"end":{"line":144,"column":8}},"57":{"start":{"line":146,"column":2},"end":{"line":149,"column":53}},"58":{"start":{"line":151,"column":2},"end":{"line":160,"column":31}},"59":{"start":{"line":164,"column":0},"end":{"line":171,"column":3}},"60":{"start":{"line":165,"column":2},"end":{"line":170,"column":31}},"61":{"start":{"line":176,"column":0},"end":{"line":191,"column":3}},"62":{"start":{"line":177,"column":2},"end":{"line":190,"column":31}},"63":{"start":{"line":194,"column":0},"end":{"line":199,"column":3}},"64":{"start":{"line":195,"column":2},"end":{"line":198,"column":31}},"65":{"start":{"line":203,"column":0},"end":{"line":209,"column":3}},"66":{"start":{"line":204,"column":2},"end":{"line":208,"column":31}},"67":{"start":{"line":212,"column":0},"end":{"line":223,"column":3}},"68":{"start":{"line":213,"column":2},"end":{"line":213,"column":33}},"69":{"start":{"line":215,"column":2},"end":{"line":222,"column":31}},"70":{"start":{"line":227,"column":0},"end":{"line":262,"column":3}},"71":{"start":{"line":230,"column":2},"end":{"line":230,"column":33}},"72":{"start":{"line":233,"column":2},"end":{"line":239,"column":4}},"73":{"start":{"line":234,"column":4},"end":{"line":238,"column":7}},"74":{"start":{"line":244,"column":2},"end":{"line":247,"column":4}},"75":{"start":{"line":245,"column":4},"end":{"line":245,"column":91}},"76":{"start":{"line":246,"column":4},"end":{"line":246,"column":59}},"77":{"start":{"line":249,"column":2},"end":{"line":261,"column":31}},"78":{"start":{"line":265,"column":0},"end":{"line":271,"column":3}},"79":{"start":{"line":266,"column":2},"end":{"line":269,"column":18}},"80":{"start":{"line":270,"column":2},"end":{"line":270,"column":41}},"81":{"start":{"line":274,"column":0},"end":{"line":276,"column":4}},"82":{"start":{"line":279,"column":0},"end":{"line":281,"column":4}},"83":{"start":{"line":284,"column":0},"end":{"line":286,"column":4}},"84":{"start":{"line":287,"column":0},"end":{"line":289,"column":4}},"85":{"start":{"line":290,"column":0},"end":{"line":292,"column":4}},"86":{"start":{"line":295,"column":0},"end":{"line":297,"column":4}},"87":{"start":{"line":300,"column":0},"end":{"line":312,"column":3}},"88":{"start":{"line":302,"column":2},"end":{"line":306,"column":4}},"89":{"start":{"line":309,"column":2},"end":{"line":309,"column":32}},"90":{"start":{"line":311,"column":2},"end":{"line":311,"column":66}},"91":{"start":{"line":316,"column":0},"end":{"line":330,"column":3}},"92":{"start":{"line":317,"column":2},"end":{"line":317,"column":30}},"93":{"start":{"line":318,"column":2},"end":{"line":318,"column":49}},"94":{"start":{"line":319,"column":2},"end":{"line":319,"column":40}},"95":{"start":{"line":320,"column":2},"end":{"line":320,"column":43}},"96":{"start":{"line":321,"column":2},"end":{"line":321,"column":42}},"97":{"start":{"line":322,"column":2},"end":{"line":322,"column":74}},"98":{"start":{"line":323,"column":2},"end":{"line":323,"column":41}},"99":{"start":{"line":324,"column":2},"end":{"line":324,"column":51}},"100":{"start":{"line":325,"column":2},"end":{"line":325,"column":42}},"101":{"start":{"line":326,"column":2},"end":{"line":326,"column":45}},"102":{"start":{"line":327,"column":2},"end":{"line":329,"column":31}},"103":{"start":{"line":333,"column":0},"end":{"line":333,"column":33}},"104":{"start":{"line":336,"column":0},"end":{"line":352,"column":3}},"105":{"start":{"line":337,"column":2},"end":{"line":351,"column":10}}},"branchMap":{"1":{"line":41,"type":"binary-expr","locations":[{"start":{"line":41,"column":15},"end":{"line":41,"column":25}},{"start":{"line":41,"column":29},"end":{"line":41,"column":41}},{"start":{"line":41,"column":45},"end":{"line":41,"column":53}}]},"2":{"line":46,"type":"cond-expr","locations":[{"start":{"line":46,"column":37},"end":{"line":46,"column":42}},{"start":{"line":46,"column":45},"end":{"line":46,"column":51}}]},"3":{"line":50,"type":"if","locations":[{"start":{"line":50,"column":0},"end":{"line":50,"column":0}},{"start":{"line":50,"column":0},"end":{"line":50,"column":0}}]},"4":{"line":53,"type":"if","locations":[{"start":{"line":53,"column":0},"end":{"line":53,"column":0}},{"start":{"line":53,"column":0},"end":{"line":53,"column":0}}]},"5":{"line":59,"type":"if","locations":[{"start":{"line":59,"column":2},"end":{"line":59,"column":2}},{"start":{"line":59,"column":2},"end":{"line":59,"column":2}}]},"6":{"line":76,"type":"cond-expr","locations":[{"start":{"line":76,"column":24},"end":{"line":76,"column":47}},{"start":{"line":76,"column":50},"end":{"line":76,"column":71}}]},"7":{"line":100,"type":"binary-expr","locations":[{"start":{"line":100,"column":21},"end":{"line":100,"column":26}},{"start":{"line":100,"column":30},"end":{"line":100,"column":38}}]},"8":{"line":143,"type":"binary-expr","locations":[{"start":{"line":143,"column":15},"end":{"line":143,"column":20}},{"start":{"line":143,"column":24},"end":{"line":143,"column":36}}]},"9":{"line":156,"type":"binary-expr","locations":[{"start":{"line":156,"column":21},"end":{"line":156,"column":26}},{"start":{"line":156,"column":30},"end":{"line":156,"column":38}}]},"10":{"line":267,"type":"cond-expr","locations":[{"start":{"line":267,"column":18},"end":{"line":267,"column":29}},{"start":{"line":267,"column":32},"end":{"line":267,"column":44}}]},"11":{"line":347,"type":"cond-expr","locations":[{"start":{"line":347,"column":12},"end":{"line":347,"column":18}},{"start":{"line":347,"column":21},"end":{"line":347,"column":31}}]},"12":{"line":348,"type":"cond-expr","locations":[{"start":{"line":348,"column":12},"end":{"line":348,"column":18}},{"start":{"line":348,"column":21},"end":{"line":348,"column":28}}]},"13":{"line":349,"type":"cond-expr","locations":[{"start":{"line":349,"column":14},"end":{"line":349,"column":43}},{"start":{"line":349,"column":46},"end":{"line":349,"column":52}}]},"14":{"line":350,"type":"cond-expr","locations":[{"start":{"line":350,"column":10},"end":{"line":350,"column":21}},{"start":{"line":350,"column":24},"end":{"line":350,"column":30}}]}},"code":["'use strict';","","var appName = '<%= ngModulName %>';","","var gulp = require('gulp');","var plugins = require('gulp-load-plugins')();","var del = require('del');","var
[...]
,"15":{"name":"(anonymous_15)","line":241,"loc":{"start":{"line":241,"column":19},"end":{"line":241,"column":30}}},"16":{"name":"(anonymous_16)","line":243,"loc":{"start":{"line":243,"column":32},"end":{"line":243,"column":42}}},"17":{"name":"(anonymous_17)","line":276,"loc":{"start":{"line":276,"column":55},"end":{"line":276,"column":66}}},"18":{"name":"(anonymous_18)","line":292,"loc":{"start":{"line":292,"column":22},"end":{"line":292,"column":33}}},"19":{"name":"(anonymous_19)","line":308,"loc":{"start":{"line":308,"column":18},"end":{"line":308,"column":29}}},"20":{"name":"(anonymous_20)","line":311,"loc":{"start":{"line":311,"column":21},"end":{"line":311,"column":36}}}},"statementMap":{"1":{"start":{"line":3,"column":0},"end":{"line":3,"column":35}},"2":{"start":{"line":5,"column":0},"end":{"line":5,"column":27}},"3":{"start":{"line":6,"column":0},"end":{"line":6,"column":45}},"4":{"start":{"line":7,"column":0},"end":{"line":7,"column":25}},"5":{"start":{"line":8,"column":0},"end":{"line":8,"column":31}},"6":{"start":{"line":9,"column":0},"end":{"line":9,"column":33}},"7":{"start":{"line":10,"column":0},"end":{"line":10,"column":27}},"8":{"start":{"line":11,"column":0},"end":{"line":11,"column":27}},"9":{"start":{"line":12,"column":0},"end":{"line":12,"column":40}},"10":{"start":{"line":13,"column":0},"end":{"line":13,"column":46}},"11":{"start":{"line":14,"column":0},"end":{"line":14,"column":41}},"12":{"start":{"line":15,"column":0},"end":{"line":15,"column":42}},"13":{"start":{"line":16,"column":0},"end":{"line":16,"column":36}},"14":{"start":{"line":17,"column":0},"end":{"line":17,"column":40}},"15":{"start":{"line":18,"column":0},"end":{"line":18,"column":33}},"16":{"start":{"line":23,"column":0},"end":{"line":32,"column":10}},"17":{"start":{"line":34,"column":0},"end":{"line":34,"column":55}},"18":{"start":{"line":35,"column":0},"end":{"line":35,"column":27}},"19":{"start":{"line":36,"column":0},"end":{"line":36,"column":19}},"20":{"start":{"line":37,"column":0},"end":{"line":37,"column":21}},"21":{"start":{"line":38,"column":0},"end":{"line":38,"column":35}},"22":{"start":{"line":39,"column":0},"end":{"line":39,"column":53}},"23":{"start":{"line":43,"column":0},"end":{"line":45,"column":1}},"24":{"start":{"line":44,"column":4},"end":{"line":44,"column":20}},"25":{"start":{"line":46,"column":0},"end":{"line":48,"column":1}},"26":{"start":{"line":47,"column":4},"end":{"line":47,"column":16}},"27":{"start":{"line":51,"column":0},"end":{"line":58,"column":2}},"28":{"start":{"line":52,"column":2},"end":{"line":57,"column":3}},"29":{"start":{"line":53,"column":4},"end":{"line":53,"column":16}},"30":{"start":{"line":55,"column":4},"end":{"line":55,"column":17}},"31":{"start":{"line":56,"column":4},"end":{"line":56,"column":28}},"32":{"start":{"line":62,"column":0},"end":{"line":64,"column":3}},"33":{"start":{"line":63,"column":2},"end":{"line":63,"column":32}},"34":{"start":{"line":67,"column":0},"end":{"line":96,"column":3}},"35":{"start":{"line":69,"column":2},"end":{"line":69,"column":72}},"36":{"start":{"line":71,"column":2},"end":{"line":76,"column":7}},"37":{"start":{"line":74,"column":6},"end":{"line":74,"column":32}},"38":{"start":{"line":75,"column":6},"end":{"line":75,"column":13}},"39":{"start":{"line":79,"column":2},"end":{"line":87,"column":9}},"40":{"start":{"line":85,"column":8},"end":{"line":85,"column":34}},"41":{"start":{"line":86,"column":8},"end":{"line":86,"column":15}},"42":{"start":{"line":89,"column":2},"end":{"line":95,"column":31}},"43":{"start":{"line":101,"column":0},"end":{"line":136,"column":3}},"44":{"start":{"line":102,"column":2},"end":{"line":102,"column":45}},"45":{"start":{"line":104,"column":2},"end":{"line":109,"column":4}},"46":{"start":{"line":113,"column":2},"end":{"line":119,"column":8}},"47":{"start":{"line":121,"column":2},"end":{"line":124,"column":53}},"48":{"start":{"line":126,"column":2},"end":{"line":135,"column":31}},"49":{"start":{"line":139,"column":0},"end":{"line":146,"column":3}},"50":{"start":{"line":140,"column":2},"end":{"line":145,"column":31}},"51":{"start":{"line":150,"column":0},"end":{"line":165,"column":3}},"52":{"start":{"line":151,"column":2},"end":{"line":164,"column":31}},"53":{"start":{"line":168,"column":0},"end":{"line":173,"column":3}},"54":{"start":{"line":169,"column":2},"end":{"line":172,"column":31}},"55":{"start":{"line":177,"column":0},"end":{"line":185,"column":3}},"56":{"start":{"line":178,"column":2},"end":{"line":183,"column":31}},"57":{"start":{"line":184,"column":4},"end":{"line":184,"column":11}},"58":{"start":{"line":188,"column":0},"end":{"line":199,"column":3}},"59":{"start":{"line":189,"column":2},"end":{"line":189,"column":33}},"60":{"start":{"line":191,"column":2},"end":{"line":198,"column":31}},"61":{"start":{"line":203,"column":0},"end":{"line":238,"column":3}},"62":{"start":{"line":206,"column":2},"end":{"line":206,"column":33}},"63":{"start":{"line":209,"column":2},"end":{"line":215,"column":4}},"64":{"start":{"line":210,"column":4},"end":{"line":214,"column":7}},"65":{"start":{"line":220,"column":2},"end":{"line":223,"column":4}},"66":{"start":{"line":221,"column":4},"end":{"line":221,"column":91}},"67":{"start":{"line":222,"column":4},"end":{"line":222,"column":59}},"68":{"start":{"line":225,"column":2},"end":{"line":237,"column":31}},"69":{"start":{"line":241,"column":0},"end":{"line":247,"column":3}},"70":{"start":{"line":242,"column":2},"end":{"line":245,"column":18}},"71":{"start":{"line":246,"column":2},"end":{"line":246,"column":41}},"72":{"start":{"line":250,"column":0},"end":{"line":252,"column":4}},"73":{"start":{"line":255,"column":0},"end":{"line":257,"column":4}},"74":{"start":{"line":260,"column":0},"end":{"line":262,"column":4}},"75":{"start":{"line":263,"column":0},"end":{"line":265,"column":4}},"76":{"start":{"line":266,"column":0},"end":{"line":268,"column":4}},"77":{"start":{"line":271,"column":0},"end":{"line":273,"column":4}},"78":{"start":{"line":276,"column":0},"end":{"line":288,"column":3}},"79":{"start":{"line":278,"column":2},"end":{"line":282,"column":4}},"80":{"start":{"line":285,"column":2},"end":{"line":285,"column":32}},"81":{"start":{"line":287,"column":2},"end":{"line":287,"column":66}},"82":{"start":{"line":292,"column":0},"end":{"line":305,"column":3}},"83":{"start":{"line":293,"column":2},"end":{"line":293,"column":30}},"84":{"start":{"line":294,"column":2},"end":{"line":294,"column":49}},"85":{"start":{"line":295,"column":2},"end":{"line":295,"column":40}},"86":{"start":{"line":296,"column":2},"end":{"line":296,"column":43}},"87":{"start":{"line":297,"column":2},"end":{"line":297,"column":42}},"88":{"start":{"line":298,"column":2},"end":{"line":298,"column":47}},"89":{"start":{"line":299,"column":2},"end":{"line":299,"column":41}},"90":{"start":{"line":300,"column":2},"end":{"line":300,"column":51}},"91":{"start":{"line":301,"column":2},"end":{"line":301,"column":42}},"92":{"start":{"line":302,"column":2},"end":{"line":304,"column":31}},"93":{"start":{"line":308,"column":0},"end":{"line":308,"column":33}},"94":{"start":{"line":311,"column":0},"end":{"line":327,"column":3}},"95":{"start":{"line":312,"column":2},"end":{"line":326,"column":10}}},"branchMap":{"1":{"line":34,"type":"binary-expr","locations":[{"start":{"line":34,"column":15},"end":{"line":34,"column":25}},{"start":{"line":34,"column":29},"end":{"line":34,"column":41}},{"start":{"line":34,"column":45},"end":{"line":34,"column":53}}]},"2":{"line":39,"type":"cond-expr","locations":[{"start":{"line":39,"column":37},"end":{"line":39,"column":42}},{"start":{"line":39,"column":45},"end":{"line":39,"column":51}}]},"3":{"line":43,"type":"if","locations":[{"start":{"line":43,"column":0},"end":{"line":43,"column":0}},{"start":{"line":43,"column":0},"end":{"line":43,"column":0}}]},"4":{"line":46,"type":"if","locations":[{"start":{"line":46,"column":0},"end":{"line":46,"column":0}},{"start":{"line":46,"column":0},"end":{"line":46,"column":0}}]},"5":{"line":52,"type":"if","locations":[{"start":{"line":52,"column":2},"end":{"line":52,"column":2}},{"start":{"line":52,"column":2},"end":{"line":52,"column":2}}]},"6":{"line":69,"type":"cond-expr","locations":[{"start":{"line":69,"column":24},"end":{"line":69,"column":47}},{"start":{"line":69,"column":50},"end":{"line":69,"column":71}}]},"7":{"line":93,"type":"binary-expr","locations":[{"start":{"line":93,"column":21},"end":{"line":93,"column":26}},{"start":{"line":93,"column":30},"end":{"line":93,"column":38}}]},"8":{"line":118,"type":"binary-expr","locations":[{"start":{"line":118,"column":15},"end":{"line":118,"column":20}},{"start":{"line":118,"column":24},"end":{"line":118,"column":36}}]},"9":{"line":131,"type":"binary-expr","locations":[{"start":{"line":131,"column":21},"end":{"line":131,"column":26}},{"start":{"line":131,"column":30},"end":{"line":131,"column":38}}]},"10":{"line":243,"type":"cond-expr","locations":[{"start":{"line":243,"column":18},"end":{"line":243,"column":29}},{"start":{"line":243,"column":32},"end":{"line":243,"column":44}}]},"11":{"line":322,"type":"cond-expr","locations":[{"start":{"line":322,"column":12},"end":{"line":322,"column":18}},{"start":{"line":322,"column":21},"end":{"line":322,"column":31}}]},"12":{"line":323,"type":"cond-expr","locations":[{"start":{"line":323,"column":12},"end":{"line":323,"column":18}},{"start":{"line":323,"column":21},"end":{"line":323,"column":28}}]},"13":{"line":324,"type":"cond-expr","locations":[{"start":{"line":324,"column":14},"end":{"line":324,"column":43}},{"start":{"line":324,"column":46},"end":{"line":324,"column":52}}]},"14":{"line":325,"type":"cond-expr","locations":[{"start":{"line":325,"column":10},"end":{"line":325,"column":21}},{"start":{"line":325,"column":24},"end":{"line":325,"column":30}}]}},"code":["'use strict';","","var appName = '<%= ngModulName %>';","","var gulp = require('gulp');","var plugins = require('gulp-load-plugins')();","var del = require('del');","var beep = require('beepbeep');","var express = require('express');","var path = require('path');","var open = require('open');","var stylish = require('jshint-stylish');","var connectLr = require('connect-livereload');","var streamqueue = require('streamqueue');","var runSequence = require('run-sequence');","var merge = require('merge-stream');","var ripple = require('ripple-emulator');","var wiredep = require('wiredep');","","/**"," * Parse arguments"," */","var args = require('yargs')","    .alias('e', 'emulate')","    .alias('b', 'build')","    .alias('r', 'run')","    // remove all debug messages (console.logs, alerts etc) from release build","    .alias('release', 'strip-debug')","    .default('build', false)","    .default('port', 9000)","    .default('strip-debug', false)","    .argv;","","var build = !!(args.build || args.emulate || args.run);","var emulate = args.emulate;","var run = args.run;","var port = args.port;","var stripDebug = !!args.stripDebug;","var targetDir = path.resolve(build ? 'www' : '.tmp');","","// if we just use emualate or run without specifying platform, we assume iOS","// in this case the value returned from yargs would just be true","if (emulate === true) {","    emulate = 'ios';","}","if (run === true) {","    run = 'ios';","}","","// global error handler","var errorHandler = function(error) {","  if (build) {","    throw error;","  } else {","    beep(2, 170);","    plugins.util.log(error);","  }","};","","","// clean target dir","gulp.task('clean', function(done) {","  return del([targetDir], done);","});","","// precompile .scss and concat with ionic.css","gulp.task('styles', function() {","","  var options = build ? { style: 'compressed' } : { style: 'expanded' };","","  var sassStream = gulp.src('app/styles/main.scss')","    .pipe(plugins.sass(options))","    .on('error', function(err) {","      console.log('err: ', err);","      beep();","    });","","  // build ionic css dynamically to support custom themes","  var ionicStream = gulp.src('app/styles/ionic-styles.scss')","    .pipe(plugins.cached('ionic-styles'))","    .pipe(plugins.sass(options))","    // cache and remember ionic .scss in order to cut down re-compile time","    .pipe(plugins.remember('ionic-styles'))","    .on('error', function(err) {","        console.log('err: ', err);","        beep();","      });","","  return streamqueue({ objectMode: true }, ionicStream, sassStream)","    .pipe(plugins.autoprefixer('last 1 Chrome version', 'last 3 iOS versions', 'last 3 Android versions'))","    .pipe(plugins.concat('main.css'))","    .pipe(plugins.if(build, plugins.stripCssComments()))","    .pipe(plugins.if(build && !emulate, plugins.rev()))","    .pipe(gulp.dest(path.join(targetDir, 'styles')))","    .on('error', errorHandler);","});","","","// build templatecache, copy scripts.","// if build: concat, minsafe, uglify and versionize","gulp.task('scripts', function() {","  var dest = path.join(targetDir, 'scripts');","","  var minifyConfig = {","    collapseWhitespace: true,","    collapseBooleanAttributes: true,","    removeAttributeQuotes: true,","    removeComments: true","  };","","  // prepare angular template cache from html templates","  // (remember to change appName var to desired module name)","  var templateStream = gulp","    .src('**/*.html', { cwd: 'app/templates'})","    .pipe(plugins.angularTemplatecache('templates.js', {","      root: 'templates/',","      module: appName,","      htmlmin: build && minifyConfig","    }));","","  var scriptStream = gulp","    .src(['templates.js', 'app.js', '**/*.js'], { cwd: 'app/scripts' })","","    .pipe(plugins.if(!build, plugins.changed(dest)));","","  return streamqueue({ objectMode: true }, scriptStream, templateStream)","    .pipe(plugins.if(build, plugins.ngAnnotate()))","    .pipe(plugins.if(stripDebug, plugins.stripDebug()))","    .pipe(plugins.if(build, plugins.concat('app.js')))","    .pipe(plugins.if(build, plugins.uglify()))","    .pipe(plugins.if(build && !emulate, plugins.rev()))","","    .pipe(gulp.dest(dest))","","    .on('error', errorHandler);","});","","// copy fonts","gulp.task('fonts', function() {","  return gulp","    .src(['app/fonts/*.*', 'bower_components/ionic/release/fonts/*.*'])","","    .pipe(gulp.dest(path.join(targetDir, 'fonts')))","","    .on('error', errorHandler);","});","","","// generate iconfont","gulp.task('iconfont', function(){","  return gulp.src('app/icons/*.svg', {","        buffer: false","    })","    .pipe(plugins.iconfontCss({","      fontName: 'ownIconFont',","      path: 'app/icons/own-icons-template.css',","      targetPath: '../styles/own-icons.css',","      fontPath: '../fonts/'","    }))","    .pipe(plugins.iconfont({","        fontName: 'ownIconFont'","    }))","    .pipe(gulp.dest(path.join(targetDir, 'fonts')))","    .on('error', errorHandler);","});","","// copy images","gulp.task('images', function() {","  return gulp.src('app/images/**/*.*')","    .pipe(gulp.dest(path.join(targetDir, 'images')))","","    .on('error', errorHandler);","});","","","// lint js sources based on .jshintrc ruleset","gulp.task('jsHint', function(done) {","  return gulp","    .src('app/scripts/**/*.js')","    .pipe(plugins.jshint())","    .pipe(plugins.jshint.reporter(stylish))","","    .on('error', errorHandler);","    done();","});","","// concatenate and minify vendor sources","gulp.task('vendor', function() {","  var vendorFiles = wiredep().js;","","  return gulp.src(vendorFiles)","    .pipe(plugins.concat('vendor.js'))","    .pipe(plugins.if(build, plugins.uglify()))","    .pipe(plugins.if(build, plugins.rev()))","","    .pipe(gulp.dest(targetDir))","","    .on('error', errorHandler);","});","","","// inject the files in index.html","gulp.task('index', ['jsHint', 'scripts'], function() {","","  // build has a '-versionnumber' suffix","  var cssNaming = 'styles/main*';","","  // injects 'src' into index.html at position 'tag'","  var _inject = function(src, tag) {","    return plugins.inject(src, {","      starttag: '<!-- inject:' + tag + ':{{ext}} -->',","      read: false,","      addRootSlash: false","    });","  };","","  // get all our javascript sources","  // in development mode, it's better to add each file seperately.","  // it makes debugging easier.","  var _getAllScriptSources = function() {","    var scriptStream = gulp.src(['scripts/app.js', 'scripts/**/*.js'], { cwd: targetDir });","    return streamqueue({ objectMode: true }, scriptStream);","  };","","  return gulp.src('app/index.html')","    // inject css","    .pipe(_inject(gulp.src(cssNaming, { cwd: targetDir }), 'app-styles'))","    // inject vendor.js","    .pipe(_inject(gulp.src('vendor*.js', { cwd: targetDir }), 'vendor'))","    // inject app.js (build) or all js files indivually (dev)","    .pipe(plugins.if(build,","      _inject(gulp.src('scripts/app*.js', { cwd: targetDir }), 'app'),","      _inject(_getAllScriptSources(), 'app')","    ))","","    .pipe(gulp.dest(targetDir))","    .on('error', errorHandler);","});","","// start local express server","gulp.task('serve', function() {","  express()","    .use(!build ? connectLr() : function(){})","    .use(express.static(targetDir))","    .listen(port);","  open('http://localhost:' + port + '/');","});","","// ionic emulate wrapper","gulp.task('ionic:emulate', plugins.shell.task([","  'ionic emulate ' + emulate + ' --livereload --consolelogs'","]));","","// ionic run wrapper","gulp.task('ionic:run', plugins.shell.task([","  'ionic run ' + run","]));","","// ionic resources wrapper","gulp.task('icon', plugins.shell.task([","  'ionic resources --icon'","]));","gulp.task('splash', plugins.shell.task([","  'ionic resources --splash'","]));","gulp.task('resources', plugins.shell.task([","  'ionic resources'","]));","","// select emulator device","gulp.task('select', plugins.shell.task([","  './helpers/emulateios'","]));","","// ripple emulator","gulp.task('ripple', ['scripts', 'styles', 'watchers'], function() {","","  var options = {","    keepAlive: false,","    open: true,","    port: 4400","  };","","  // Start the ripple server","  ripple.emulate.start(options);","","  open('http://localhost:' + options.port + '?enableripple=true');","});","","","// start watchers","gulp.task('watchers', function() {","  plugins.livereload.listen();","  gulp.watch('app/styles/**/*.scss', ['styles']);","  gulp.watch('app/fonts/**', ['fonts']);","  gulp.watch('app/icons/**', ['iconfont']);","  gulp.watch('app/images/**', ['images']);","  gulp.watch('app/scripts/**/*.js', ['index']);","  gulp.watch('./bower.json', ['vendor']);","  gulp.watch('app/templates/**/*.html', ['index']);","  gulp.watch('app/index.html', ['index']);","  gulp.watch(targetDir + '/**')","    .on('change', plugins.livereload.changed)","    .on('error', errorHandler);","});","","// no-op = empty function","gulp.task('noop', function() {});","","// our main sequence, with some conditional jobs depending on params","gulp.task('default', function(done) {","  runSequence(","    'clean',","    'iconfont',","    [","      'fonts',","      'styles',","      'images',","      'vendor'","    ],","    'index',","    build ? 'noop' : 'watchers',","    build ? 'noop' : 'serve',","    emulate ? ['ionic:emulate', 'watchers'] : 'noop',","    run ? 'ionic:run' : 'noop',","    done);","});",""],"l":{"3":2,"5":2,"6":0,"7":0,"8":0,"9":0,"10":0,"11":0,"12":0,"13":0,"14":0,"15":0,"16":0,"17":0,"18":0,"23":0,"34":0,"35":0,"36":0,"37":0,"38":0,"39":0,"43":0,"44":0,"46":0,"47":0,"51":0,"52":0,"53":0,"55":0,"56":0,"62":0,"63":0,"67":0,"69":0,"71":0,"74":0,"75":0,"79":0,"85":0,"86":0,"89":0,"101":0,"102":0,"104":0,"113":0,"121":0,"126":0,"139":0,"140":0,"150":0,"151":0,"168":0,"169":0,"177":0,"178":0,"184":0,"188":0,"189":0,"191":0,"203":0,"206":0,"209":0,"210":0,"220":0,"221":0,"222":0,"225":0,"241":0,"242":0,"246":0,"250":0,"255":0,"260":0,"263":0,"266":0,"271":0,"276":0,"278":0,"285":0,"287":0,"292":0,"293":0,"294":0,"295":0,"296":0,"297":0,"298":0,"299":0,"300":0,"301":0,"302":0,"308":0,"311":0,"312":0}}}